<?xml version="1.0" encoding="UTF-8"?>
<!-- Generated by org.testng.reporters.JUnitReportReporter -->
<testsuite skipped="0" hostname="QTSITVDI0028" name="com.carmen.Sprint2.SuspendPolicy_1063" tests="2" failures="0" timestamp="23 May 2019 09:43:13 GMT" time="73.271" errors="0">
  <testcase name="SuspendPolicy_4767" time="33.062" classname="com.carmen.Sprint2.SuspendPolicy_1063"/>
  <testcase name="SuspendPolicy_4769" time="40.209" classname="com.carmen.Sprint2.SuspendPolicy_1063"/>
</testsuite> <!-- com.carmen.Sprint2.SuspendPolicy_1063 -->
