<?xml version="1.0" encoding="UTF-8"?>
<!-- Generated by org.testng.reporters.JUnitReportReporter -->
<testsuite skipped="0" hostname="QTSITVDI0028" name="com.carmensol.RecoverableAdjustmentTransaction_ModifySal_Loss_Rec_11703" tests="1" failures="0" timestamp="15 Feb 2019 10:02:39 GMT" time="95.878" errors="0">
  <testcase name="Test_RecoverableAdjustmentTransaction_ModifySal_Loss_Rec" time="95.878" classname="com.carmensol.RecoverableAdjustmentTransaction_ModifySal_Loss_Rec_11703"/>
</testsuite> <!-- com.carmensol.RecoverableAdjustmentTransaction_ModifySal_Loss_Rec_11703 -->
