<?xml version="1.0" encoding="UTF-8"?>
<!-- Generated by org.testng.reporters.JUnitReportReporter -->
<testsuite skipped="0" hostname="QTSITVDI0028" name="com.carmen.voids.VoidPaymentfromDifferentUser_10760" tests="1" failures="0" timestamp="15 Feb 2019 13:43:21 GMT" time="36.695" errors="0">
  <testcase name="VoidPaymentfromDifferentUser10760" time="36.695" classname="com.carmen.voids.VoidPaymentfromDifferentUser_10760"/>
</testsuite> <!-- com.carmen.voids.VoidPaymentfromDifferentUser_10760 -->
