<?xml version="1.0" encoding="UTF-8"?>
<!-- Generated by org.testng.reporters.JUnitReportReporter -->
<testsuite skipped="0" hostname="QTSITVDI0028" name="com.carmensol.AlternatePolicy_31" tests="2" failures="0" timestamp="23 May 2019 07:54:35 GMT" time="26.874" errors="0">
  <testcase name="AlternatePolicy1913" time="8.897" classname="com.carmensol.AlternatePolicy_31"/>
  <testcase name="AlternatePolicy1915" time="17.977" classname="com.carmensol.AlternatePolicy_31"/>
</testsuite> <!-- com.carmensol.AlternatePolicy_31 -->
