<?xml version="1.0" encoding="UTF-8"?>
<!-- Generated by org.testng.reporters.JUnitReportReporter -->
<testsuite skipped="0" hostname="QTSITVDI0028" name="com.carmen.Sprint5.AddLocationsScreenCancelButton_5644" tests="5" failures="0" timestamp="23 May 2019 10:27:30 GMT" time="220.866" errors="0">
  <testcase name="AddLocationsScreenCancelButton_7002" time="32.208" classname="com.carmen.Sprint5.AddLocationsScreenCancelButton_5644"/>
  <testcase name="AddLocationsScreenCancelButton_7007" time="37.269" classname="com.carmen.Sprint5.AddLocationsScreenCancelButton_5644"/>
  <testcase name="AddLocationsScreenCancelButton_7006" time="40.159" classname="com.carmen.Sprint5.AddLocationsScreenCancelButton_5644"/>
  <testcase name="AddLocationsScreenCancelButton_7010" time="52.364" classname="com.carmen.Sprint5.AddLocationsScreenCancelButton_5644"/>
  <testcase name="AddLocationsScreenCancelButton_7008" time="58.866" classname="com.carmen.Sprint5.AddLocationsScreenCancelButton_5644"/>
</testsuite> <!-- com.carmen.Sprint5.AddLocationsScreenCancelButton_5644 -->
