<?xml version="1.0" encoding="UTF-8"?>
<!-- Generated by org.testng.reporters.JUnitReportReporter -->
<testsuite skipped="0" hostname="QTSITVDI0028" name="com.Breeze.Claims" tests="1" failures="0" timestamp="11 Oct 2019 11:46:49 GMT" time="377.202" errors="0">
  <testcase name="AddNotePolicy" time="377.202" classname="com.Breeze.Claims"/>
</testsuite> <!-- com.Breeze.Claims -->
