<?xml version="1.0" encoding="UTF-8"?>
<!-- Generated by org.testng.reporters.JUnitReportReporter -->
<testsuite skipped="0" hostname="QTSITVDI0028" name="com.carmen.Sprint5.AddSpecialEventsScreenSaveAddAnotherEventButton_5671" tests="1" failures="0" timestamp="23 May 2019 11:04:31 GMT" time="45.778" errors="0">
  <testcase name="AddSpecialEventsScreenCancelButton_7082" time="45.778" classname="com.carmen.Sprint5.AddSpecialEventsScreenSaveAddAnotherEventButton_5671"/>
</testsuite> <!-- com.carmen.Sprint5.AddSpecialEventsScreenSaveAddAnotherEventButton_5671 -->
