<?xml version="1.0" encoding="UTF-8"?>
<!-- Generated by org.testng.reporters.JUnitReportReporter -->
<testsuite skipped="0" hostname="QTSITVDI0028" name="com.carmen.CopyCLaim.OpenClaimSystemPopulated_5145" tests="1" failures="0" timestamp="15 Feb 2019 11:16:29 GMT" time="12.511" errors="0">
  <testcase name="OpenClaimSystemPopulated5145" time="12.511" classname="com.carmen.CopyCLaim.OpenClaimSystemPopulated_5145"/>
</testsuite> <!-- com.carmen.CopyCLaim.OpenClaimSystemPopulated_5145 -->
