<?xml version="1.0" encoding="UTF-8"?>
<!-- Generated by org.testng.reporters.JUnitReportReporter -->
<testsuite skipped="0" hostname="QTSITVDI0028" name="com.carmen.Sprint2.PolicyIDTermExpirationDate_12" tests="4" failures="0" timestamp="16 Apr 2019 11:50:14 GMT" time="102.999" errors="0">
  <testcase name="PolicyIDTermExpirationDate_1894" time="21.158" classname="com.carmen.Sprint2.PolicyIDTermExpirationDate_12"/>
  <testcase name="PolicyIDTermExpirationDate_1902" time="23.291" classname="com.carmen.Sprint2.PolicyIDTermExpirationDate_12"/>
  <testcase name="PolicyIDTermExpirationDate_1891" time="12.165" classname="com.carmen.Sprint2.PolicyIDTermExpirationDate_12"/>
  <testcase name="PolicyIDTermExpirationDate_1896" time="46.385" classname="com.carmen.Sprint2.PolicyIDTermExpirationDate_12"/>
</testsuite> <!-- com.carmen.Sprint2.PolicyIDTermExpirationDate_12 -->
