<?xml version="1.0" encoding="UTF-8"?>
<!-- Generated by org.testng.reporters.JUnitReportReporter -->
<testsuite skipped="0" hostname="QTSITVDI0028" name="com.carmen.CopyCLaim.ChangeClaimTypePolicyDatesClaimTypeFieldNames_4115" tests="1" failures="0" timestamp="04 Feb 2019 13:29:19 GMT" time="13.950" errors="0">
  <testcase name="ChangeClaimTypePolicyDatesClaimTypeFieldNames4115" time="13.950" classname="com.carmen.CopyCLaim.ChangeClaimTypePolicyDatesClaimTypeFieldNames_4115"/>
</testsuite> <!-- com.carmen.CopyCLaim.ChangeClaimTypePolicyDatesClaimTypeFieldNames_4115 -->
