<?xml version="1.0" encoding="UTF-8"?>
<!-- Generated by org.testng.reporters.JUnitReportReporter -->
<testsuite skipped="0" hostname="QTSITVDI0028" name="com.carmen.Sprint5.SchedulesDetailLaunchitemAddLocations_5634" tests="1" failures="0" timestamp="23 May 2019 10:27:30 GMT" time="36.336" errors="0">
  <testcase name="SchedulesDetailLaunchitemAddLocations_6980" time="36.336" classname="com.carmen.Sprint5.SchedulesDetailLaunchitemAddLocations_5634"/>
</testsuite> <!-- com.carmen.Sprint5.SchedulesDetailLaunchitemAddLocations_5634 -->
