<?xml version="1.0" encoding="UTF-8"?>
<!-- Generated by org.testng.reporters.JUnitReportReporter -->
<testsuite skipped="0" hostname="QTSITVDI0028" name="com.carmen.ChangeClaim.ChangeClaimTypePolicyDatesClaimTypeFieldNames_4115" tests="1" failures="0" timestamp="18 Feb 2019 10:30:12 GMT" time="13.599" errors="0">
  <testcase name="ChangeClaimTypePolicyDatesClaimTypeFieldNames4115" time="13.599" classname="com.carmen.ChangeClaim.ChangeClaimTypePolicyDatesClaimTypeFieldNames_4115"/>
</testsuite> <!-- com.carmen.ChangeClaim.ChangeClaimTypePolicyDatesClaimTypeFieldNames_4115 -->
