<?xml version="1.0" encoding="UTF-8"?>
<!-- Generated by org.testng.reporters.JUnitReportReporter -->
<testsuite skipped="0" hostname="QTSITVDI0028" name="com.carmen.Sprint5.SchedulesGlobalSaveSuspend_5711" tests="2" failures="0" timestamp="23 May 2019 11:04:31 GMT" time="78.734" errors="0">
  <testcase name="SchedulesGlobalSaveSuspend_7248" time="42.646" classname="com.carmen.Sprint5.SchedulesGlobalSaveSuspend_5711"/>
  <testcase name="SchedulesGlobalSaveSuspend_7246" time="36.088" classname="com.carmen.Sprint5.SchedulesGlobalSaveSuspend_5711"/>
</testsuite> <!-- com.carmen.Sprint5.SchedulesGlobalSaveSuspend_5711 -->
