<?xml version="1.0" encoding="UTF-8"?>
<!-- Generated by org.testng.reporters.JUnitReportReporter -->
<testsuite skipped="0" hostname="QTSITVDI0028" name="com.carmen.voids.MCIResultsReactivate_10710" tests="1" failures="0" timestamp="14 Feb 2019 12:17:12 GMT" time="13.535" errors="0">
  <testcase name="MCIResultsReactivate10710" time="13.535" classname="com.carmen.voids.MCIResultsReactivate_10710"/>
</testsuite> <!-- com.carmen.voids.MCIResultsReactivate_10710 -->
