<?xml version="1.0" encoding="UTF-8"?>
<!-- Generated by org.testng.reporters.JUnitReportReporter -->
<testsuite skipped="0" hostname="QTSITVDI0028" name="com.carmen.voids.TransHxResultFunctions_LossReserveAdjustmentPartialLossPayment_10468" tests="1" failures="0" timestamp="14 Feb 2019 12:17:12 GMT" time="34.967" errors="0">
  <testcase name="TransHxResultFunctions_LossReserveAdjustmentPartialLossPayment10468" time="34.967" classname="com.carmen.voids.TransHxResultFunctions_LossReserveAdjustmentPartialLossPayment_10468"/>
</testsuite> <!-- com.carmen.voids.TransHxResultFunctions_LossReserveAdjustmentPartialLossPayment_10468 -->
