<?xml version="1.0" encoding="UTF-8"?>
<!-- Generated by org.testng.reporters.JUnitReportReporter -->
<testsuite skipped="0" hostname="QTSITVDI0028" name="com.Breeze.MedicalOnly_NC1" tests="1" failures="0" timestamp="04 Mar 2020 10:46:59 GMT" time="404.275" errors="0">
  <testcase name="MedicalOnly_NC1_Claim" time="404.275" classname="com.Breeze.MedicalOnly_NC1"/>
</testsuite> <!-- com.Breeze.MedicalOnly_NC1 -->
