<?xml version="1.0" encoding="UTF-8"?>
<!-- Generated by org.testng.reporters.JUnitReportReporter -->
<testsuite skipped="0" hostname="QTSITVDI0028" name="com.carmen.Sprint2.AddNewCoverageCancel_244" tests="1" failures="0" timestamp="23 May 2019 09:26:08 GMT" time="29.036" errors="0">
  <testcase name="AddNewCoverageCancel_4334" time="29.036" classname="com.carmen.Sprint2.AddNewCoverageCancel_244"/>
</testsuite> <!-- com.carmen.Sprint2.AddNewCoverageCancel_244 -->
