<?xml version="1.0" encoding="UTF-8"?>
<!-- Generated by org.testng.reporters.JUnitReportReporter -->
<testsuite skipped="0" hostname="QTSITVDI0028" name="com.carmen.Sprint5.AddLocationsScreenSaveButton_5643" tests="2" failures="0" timestamp="23 May 2019 11:23:52 GMT" time="113.182" errors="0">
  <testcase name="AddLocationsScreenSaveButton_7000" time="45.935" classname="com.carmen.Sprint5.AddLocationsScreenSaveButton_5643"/>
  <testcase name="AddLocationsScreenSaveButton_6999" time="67.247" classname="com.carmen.Sprint5.AddLocationsScreenSaveButton_5643"/>
</testsuite> <!-- com.carmen.Sprint5.AddLocationsScreenSaveButton_5643 -->
