<?xml version="1.0" encoding="UTF-8"?>
<!-- Generated by org.testng.reporters.JUnitReportReporter -->
<testsuite skipped="0" hostname="QTSITVDI0028" name="com.carmen.Sprint4.CategoryNewBusinessPolicy_2109" tests="2" failures="0" timestamp="23 May 2019 10:07:10 GMT" time="77.594" errors="0">
  <testcase name="CategoryNewBusinessPolicy_4962" time="37.649" classname="com.carmen.Sprint4.CategoryNewBusinessPolicy_2109"/>
  <testcase name="CategoryNewBusinessPolicy_4963" time="39.945" classname="com.carmen.Sprint4.CategoryNewBusinessPolicy_2109"/>
</testsuite> <!-- com.carmen.Sprint4.CategoryNewBusinessPolicy_2109 -->
