<?xml version="1.0" encoding="UTF-8"?>
<!-- Generated by org.testng.reporters.JUnitReportReporter -->
<testsuite skipped="0" hostname="QTSITVDI0028" name="com.carmen.voids.TransactionHistoryFiltersLossDCCAO_9592" tests="1" failures="0" timestamp="14 Feb 2019 12:17:12 GMT" time="38.844" errors="0">
  <testcase name="TransactionHistoryFiltersLossDCCAOSearch_9592" time="38.844" classname="com.carmen.voids.TransactionHistoryFiltersLossDCCAO_9592"/>
</testsuite> <!-- com.carmen.voids.TransactionHistoryFiltersLossDCCAO_9592 -->
