<?xml version="1.0" encoding="UTF-8"?>
<!-- Generated by org.testng.reporters.JUnitReportReporter -->
<testsuite skipped="0" hostname="QTSITVDI0028" name="com.carmen.Sprint5.UploadSchedulesLocationsCancelButton_5697" tests="1" failures="0" timestamp="23 May 2019 11:04:31 GMT" time="33.864" errors="0">
  <testcase name="UploadSchedulesLocationsCancelButton_7157" time="33.864" classname="com.carmen.Sprint5.UploadSchedulesLocationsCancelButton_5697"/>
</testsuite> <!-- com.carmen.Sprint5.UploadSchedulesLocationsCancelButton_5697 -->
