<?xml version="1.0" encoding="UTF-8"?>
<!-- Generated by org.testng.reporters.JUnitReportReporter -->
<testsuite skipped="0" hostname="QTSITVDI0028" name="com.carmen.Sprint2.AddNewTaxesFeesScreenTabOrder_1103" tests="2" failures="0" timestamp="23 May 2019 09:43:13 GMT" time="54.748" errors="0">
  <testcase name="AddNewTaxesFeesScreenTabOrder_4761" time="26.679" classname="com.carmen.Sprint2.AddNewTaxesFeesScreenTabOrder_1103"/>
  <testcase name="AddNewTaxesFeesScreenTabOrder_4764" time="28.069" classname="com.carmen.Sprint2.AddNewTaxesFeesScreenTabOrder_1103"/>
</testsuite> <!-- com.carmen.Sprint2.AddNewTaxesFeesScreenTabOrder_1103 -->
