<?xml version="1.0" encoding="UTF-8"?>
<!-- Generated by org.testng.reporters.JUnitReportReporter -->
<testsuite skipped="0" hostname="QTSITVDI0028" name="com.carmen.Sprint2.OverrideCommissionCheckboxField_189" tests="4" failures="0" timestamp="23 May 2019 08:42:52 GMT" time="136.674" errors="0">
  <testcase name="OverrideCommissionCheckboxField_4388" time="27.118" classname="com.carmen.Sprint2.OverrideCommissionCheckboxField_189"/>
  <testcase name="OverrideCommissionCheckboxField_4389" time="27.724" classname="com.carmen.Sprint2.OverrideCommissionCheckboxField_189"/>
  <testcase name="OverrideCommissionCheckboxField_4397" time="35.770" classname="com.carmen.Sprint2.OverrideCommissionCheckboxField_189"/>
  <testcase name="OverrideCommissionCheckboxField_4399" time="46.062" classname="com.carmen.Sprint2.OverrideCommissionCheckboxField_189"/>
</testsuite> <!-- com.carmen.Sprint2.OverrideCommissionCheckboxField_189 -->
