<?xml version="1.0" encoding="UTF-8"?>
<!-- Generated by org.testng.reporters.JUnitReportReporter -->
<testsuite skipped="0" hostname="QTSITVDI0028" name="com.carmen.voids.RecoveryCreditScreenApplyCreditButton_10535" tests="1" failures="0" timestamp="14 Feb 2019 12:17:12 GMT" time="14.301" errors="0">
  <testcase name="RecoveryCreditScreenApplyCreditButton10535" time="14.301" classname="com.carmen.voids.RecoveryCreditScreenApplyCreditButton_10535"/>
</testsuite> <!-- com.carmen.voids.RecoveryCreditScreenApplyCreditButton_10535 -->
