<?xml version="1.0" encoding="UTF-8"?>
<!-- Generated by org.testng.reporters.JUnitReportReporter -->
<testsuite skipped="0" hostname="QTSITVDI0028" name="com.carmensol.PolicyGlanceStatus_167" tests="1" failures="0" timestamp="23 May 2019 07:54:35 GMT" time="12.686" errors="0">
  <testcase name="PolicyGlanceStatus2256_2254_2258_2251" time="12.686" classname="com.carmensol.PolicyGlanceStatus_167"/>
</testsuite> <!-- com.carmensol.PolicyGlanceStatus_167 -->
