<?xml version="1.0" encoding="UTF-8"?>
<!-- Generated by org.testng.reporters.JUnitReportReporter -->
<testsuite skipped="0" hostname="QTSITVDI0028" name="com.carmen.ChangeClaim.TailDateAfterReportedDateDiffPolicy4425" tests="1" failures="0" timestamp="05 Feb 2019 16:08:27 GMT" time="32.144" errors="0">
  <testcase name="TailDateAfterReportedDateSamePolicy4425_4426_4427" time="32.144" classname="com.carmen.ChangeClaim.TailDateAfterReportedDateDiffPolicy4425"/>
</testsuite> <!-- com.carmen.ChangeClaim.TailDateAfterReportedDateDiffPolicy4425 -->
