<?xml version="1.0" encoding="UTF-8"?>
<!-- Generated by org.testng.reporters.JUnitReportReporter -->
<testsuite skipped="0" hostname="QTSITVDI0028" name="com.carmen.Sprint2.PolicyIDTermSubmission_9" tests="7" failures="0" timestamp="16 Apr 2019 07:16:28 GMT" time="172.282" errors="0">
  <testcase name="PolicyIDTermSubmission_608" time="27.773" classname="com.carmen.Sprint2.PolicyIDTermSubmission_9"/>
  <testcase name="PolicyIDTermSubmission_602" time="15.455" classname="com.carmen.Sprint2.PolicyIDTermSubmission_9"/>
  <testcase name="PolicyIDTermSubmission_604" time="15.545" classname="com.carmen.Sprint2.PolicyIDTermSubmission_9"/>
  <testcase name="PolicyIDTermSubmission_610" time="13.685" classname="com.carmen.Sprint2.PolicyIDTermSubmission_9"/>
  <testcase name="PolicyIDTermSubmission_613" time="18.098" classname="com.carmen.Sprint2.PolicyIDTermSubmission_9"/>
  <testcase name="PolicyIDTermSubmission_653" time="62.695" classname="com.carmen.Sprint2.PolicyIDTermSubmission_9"/>
  <testcase name="PolicyIDTermSubmission_614" time="19.031" classname="com.carmen.Sprint2.PolicyIDTermSubmission_9"/>
</testsuite> <!-- com.carmen.Sprint2.PolicyIDTermSubmission_9 -->
