<?xml version="1.0" encoding="UTF-8"?>
<!-- Generated by org.testng.reporters.JUnitReportReporter -->
<testsuite skipped="0" hostname="QTSITVDI0028" name="com.carmen.Sprint2.Renewal_2068" tests="1" failures="0" timestamp="10 Apr 2019 15:26:37 GMT" time="61.729" errors="0">
  <testcase name="LOBUnitSaveButton_3730" time="61.729" classname="com.carmen.Sprint2.Renewal_2068"/>
</testsuite> <!-- com.carmen.Sprint2.Renewal_2068 -->
