<?xml version="1.0" encoding="UTF-8"?>
<!-- Generated by org.testng.reporters.JUnitReportReporter -->
<testsuite skipped="0" hostname="QTSITVDI0028" name="com.carmensol.DeductibleLossRecoverableAdjustment_11694" tests="1" failures="0" timestamp="15 Feb 2019 10:02:39 GMT" time="65.857" errors="0">
  <testcase name="DeductibleLossRecoverableAdjustment11694" time="65.857" classname="com.carmensol.DeductibleLossRecoverableAdjustment_11694"/>
</testsuite> <!-- com.carmensol.DeductibleLossRecoverableAdjustment_11694 -->
