<?xml version="1.0" encoding="UTF-8"?>
<!-- Generated by org.testng.reporters.JUnitReportReporter -->
<testsuite skipped="0" hostname="QTSITVDI0028" name="com.carmensol.CreatePolicyNewBusiness_155" tests="1" failures="0" timestamp="22 Feb 2019 09:16:32 GMT" time="24.447" errors="0">
  <testcase name="CreatePolicyNewBusiness155" time="24.447" classname="com.carmensol.CreatePolicyNewBusiness_155"/>
</testsuite> <!-- com.carmensol.CreatePolicyNewBusiness_155 -->
