<?xml version="1.0" encoding="UTF-8"?>
<!-- Generated by org.testng.reporters.JUnitReportReporter -->
<testsuite skipped="0" hostname="QTSITVDI0028" name="com.carmen.Sprint2.StateField_208" tests="4" failures="0" timestamp="23 May 2019 09:26:08 GMT" time="98.946" errors="0">
  <testcase name="StateField_4412" time="25.187" classname="com.carmen.Sprint2.StateField_208"/>
  <testcase name="StateField_4415" time="27.098" classname="com.carmen.Sprint2.StateField_208"/>
  <testcase name="StateField_4410" time="23.154" classname="com.carmen.Sprint2.StateField_208"/>
  <testcase name="StateField_4411" time="23.507" classname="com.carmen.Sprint2.StateField_208"/>
</testsuite> <!-- com.carmen.Sprint2.StateField_208 -->
