<?xml version="1.0" encoding="UTF-8"?>
<!-- Generated by org.testng.reporters.JUnitReportReporter -->
<testsuite skipped="0" hostname="QTSITVDI0028" name="com.carmensol.CreatePolicyRenewal_2284" tests="1" failures="0" timestamp="23 May 2019 07:54:35 GMT" time="7.686" errors="0">
  <testcase name="CreatePolicyRenewal2284" time="7.686" classname="com.carmensol.CreatePolicyRenewal_2284"/>
</testsuite> <!-- com.carmensol.CreatePolicyRenewal_2284 -->
