<?xml version="1.0" encoding="UTF-8"?>
<!-- Generated by org.testng.reporters.JUnitReportReporter -->
<testsuite skipped="0" hostname="QTSITVDI0028" name="com.carmensol.TransactionHistoryFunctionsSearch_6311" tests="1" failures="0" timestamp="14 Dec 2018 14:09:52 GMT" time="42.161" errors="0">
  <testcase name="TransactionHistoryFiltersTransactionTypeSearchLossDCCAOFilterAndReserveAdjustments_9613" time="42.161" classname="com.carmensol.TransactionHistoryFunctionsSearch_6311"/>
</testsuite> <!-- com.carmensol.TransactionHistoryFunctionsSearch_6311 -->
