<?xml version="1.0" encoding="UTF-8"?>
<!-- Generated by org.testng.reporters.JUnitReportReporter -->
<testsuite skipped="0" hostname="QTSITVDI0028" name="com.carmen.Sprint2.LOBSaveAddAnotherUnitButton_196" tests="1" failures="0" timestamp="23 May 2019 08:42:52 GMT" time="20.645" errors="0">
  <testcase name="LOBSaveAddAnotherUnitButton_3723" time="20.645" classname="com.carmen.Sprint2.LOBSaveAddAnotherUnitButton_196"/>
</testsuite> <!-- com.carmen.Sprint2.LOBSaveAddAnotherUnitButton_196 -->
