<?xml version="1.0" encoding="UTF-8"?>
<!-- Generated by org.testng.reporters.JUnitReportReporter -->
<testsuite skipped="0" hostname="QTSITVDI0028" name="com.carmen.Sprint2.CopyUnitsButton_228" tests="2" failures="0" timestamp="23 May 2019 08:42:52 GMT" time="58.802" errors="0">
  <testcase name="UnitsDetailTableDeleteButton_4144" time="26.961" classname="com.carmen.Sprint2.CopyUnitsButton_228"/>
  <testcase name="UnitsDetailTableDeleteButton_4145" time="31.841" classname="com.carmen.Sprint2.CopyUnitsButton_228"/>
</testsuite> <!-- com.carmen.Sprint2.CopyUnitsButton_228 -->
