<?xml version="1.0" encoding="UTF-8"?>
<!-- Generated by org.testng.reporters.JUnitReportReporter -->
<testsuite skipped="0" hostname="QTSITVDI0028" name="com.carmen.ChangeClaim.ChangePCMClaim_4478" tests="1" failures="0" timestamp="07 Feb 2019 08:51:14 GMT" time="45.768" errors="0">
  <testcase name="ChangePCMClaim4478" time="45.768" classname="com.carmen.ChangeClaim.ChangePCMClaim_4478"/>
</testsuite> <!-- com.carmen.ChangeClaim.ChangePCMClaim_4478 -->
