<?xml version="1.0" encoding="UTF-8"?>
<!-- Generated by org.testng.reporters.JUnitReportReporter -->
<testsuite skipped="0" hostname="QTSITVDI0028" name="com.carmen.CopyCLaim.AccessingStatusHistoryPrimaryWindow_5023" tests="1" failures="0" timestamp="15 Feb 2019 11:16:29 GMT" time="10.986" errors="0">
  <testcase name="AccessingStatusHistoryPrimaryWindow5023" time="10.986" classname="com.carmen.CopyCLaim.AccessingStatusHistoryPrimaryWindow_5023"/>
</testsuite> <!-- com.carmen.CopyCLaim.AccessingStatusHistoryPrimaryWindow_5023 -->
