<?xml version="1.0" encoding="UTF-8"?>
<!-- Generated by org.testng.reporters.JUnitReportReporter -->
<testsuite skipped="0" hostname="QTSITVDI0028" name="com.carmensol.FinalSubrogationExpenseRecoveryIssuedToClaimant_11714" tests="1" failures="0" timestamp="15 Feb 2019 10:02:39 GMT" time="406.648" errors="0">
  <testcase name="Test_PartialDeductibleExpenseRecovery_IssuedTo_CollectionAgency_CollFee_Yes" time="406.648" classname="com.carmensol.FinalSubrogationExpenseRecoveryIssuedToClaimant_11714"/>
</testsuite> <!-- com.carmensol.FinalSubrogationExpenseRecoveryIssuedToClaimant_11714 -->
