<?xml version="1.0" encoding="UTF-8"?>
<!-- Generated by org.testng.reporters.JUnitReportReporter -->
<testsuite skipped="0" hostname="QTSITVDI0028" name="com.carmen.Sprint2.UnitsDetailTableDeleteButton_225" tests="3" failures="0" timestamp="23 May 2019 08:42:52 GMT" time="89.127" errors="0">
  <testcase name="UnitsDetailTableDeleteButton_4867" time="28.738" classname="com.carmen.Sprint2.UnitsDetailTableDeleteButton_225"/>
  <testcase name="UnitsDetailTableDeleteButton_4876" time="28.255" classname="com.carmen.Sprint2.UnitsDetailTableDeleteButton_225"/>
  <testcase name="UnitsDetailTableDeleteButton_4877" time="32.134" classname="com.carmen.Sprint2.UnitsDetailTableDeleteButton_225"/>
</testsuite> <!-- com.carmen.Sprint2.UnitsDetailTableDeleteButton_225 -->
