<?xml version="1.0" encoding="UTF-8"?>
<!-- Generated by org.testng.reporters.JUnitReportReporter -->
<testsuite skipped="0" hostname="QTSITVDI0028" name="com.carmensol.PolicyGlanceTransactionType_168" tests="3" failures="0" timestamp="23 May 2019 07:54:35 GMT" time="29.718" errors="0">
  <testcase name="PolicyGlanceTransactionType2262_2259" time="9.972" classname="com.carmensol.PolicyGlanceTransactionType_168"/>
  <testcase name="PolicyGlanceTransactionType2264" time="9.825" classname="com.carmensol.PolicyGlanceTransactionType_168"/>
  <testcase name="PolicyGlanceTransactionType2266" time="9.921" classname="com.carmensol.PolicyGlanceTransactionType_168"/>
</testsuite> <!-- com.carmensol.PolicyGlanceTransactionType_168 -->
