<?xml version="1.0" encoding="UTF-8"?>
<!-- Generated by org.testng.reporters.JUnitReportReporter -->
<testsuite skipped="0" hostname="QTSITVDI0028" name="com.carmen.Sprint2.AddNewTaxFeeScreenCancelButton_390" tests="3" failures="0" timestamp="23 May 2019 09:43:13 GMT" time="94.079" errors="0">
  <testcase name="AddNewTaxFeeScreenCancelButton_4731" time="25.153" classname="com.carmen.Sprint2.AddNewTaxFeeScreenCancelButton_390"/>
  <testcase name="AddNewTaxFeeScreenCancelButton_4734" time="30.279" classname="com.carmen.Sprint2.AddNewTaxFeeScreenCancelButton_390"/>
  <testcase name="AddNewTaxFeeScreenCancelButton_4732" time="38.647" classname="com.carmen.Sprint2.AddNewTaxFeeScreenCancelButton_390"/>
</testsuite> <!-- com.carmen.Sprint2.AddNewTaxFeeScreenCancelButton_390 -->
