<?xml version="1.0" encoding="UTF-8"?>
<!-- Generated by org.testng.reporters.JUnitReportReporter -->
<testsuite skipped="0" hostname="QTSITVDI0028" name="com.carmen.Sprint5.AddNewEventSectionUnitField_5679" tests="2" failures="0" timestamp="23 May 2019 11:04:31 GMT" time="81.591" errors="0">
  <testcase name="AddNewEventSectionUnitField_7109" time="43.314" classname="com.carmen.Sprint5.AddNewEventSectionUnitField_5679"/>
  <testcase name="AddNewEventSectionUnitField_7106" time="38.277" classname="com.carmen.Sprint5.AddNewEventSectionUnitField_5679"/>
</testsuite> <!-- com.carmen.Sprint5.AddNewEventSectionUnitField_5679 -->
