<?xml version="1.0" encoding="UTF-8"?>
<!-- Generated by org.testng.reporters.JUnitReportReporter -->
<testsuite skipped="0" hostname="QTSITVDI0028" name="com.carmen.Sprint5.AddSpecialEventsSectionAddNewButton_5674" tests="1" failures="0" timestamp="23 May 2019 11:04:31 GMT" time="47.730" errors="0">
  <testcase name="AddSpecialEventsSectionAddNewButton_7100" time="47.730" classname="com.carmen.Sprint5.AddSpecialEventsSectionAddNewButton_5674"/>
</testsuite> <!-- com.carmen.Sprint5.AddSpecialEventsSectionAddNewButton_5674 -->
