<?xml version="1.0" encoding="UTF-8"?>
<!-- Generated by org.testng.reporters.JUnitReportReporter -->
<testsuite skipped="0" hostname="QTSITVDI0028" name="com.carmen.Sprint2.AddLineBusiness_182" tests="2" failures="0" timestamp="23 May 2019 08:42:52 GMT" time="25.595" errors="0">
  <testcase name="AddLineBusiness_3706" time="15.557" classname="com.carmen.Sprint2.AddLineBusiness_182"/>
  <testcase name="AddLineBusiness_3707" time="10.038" classname="com.carmen.Sprint2.AddLineBusiness_182"/>
</testsuite> <!-- com.carmen.Sprint2.AddLineBusiness_182 -->
