<?xml version="1.0" encoding="UTF-8"?>
<!-- Generated by org.testng.reporters.JUnitReportReporter -->
<testsuite skipped="0" hostname="QTSITVDI0028" name="com.carmen.Sprint4.PolicyFormResultsTableDescription_2104" tests="1" failures="0" timestamp="23 May 2019 10:07:10 GMT" time="35.469" errors="0">
  <testcase name="PolicyFormResultsTableDescription_4957" time="35.469" classname="com.carmen.Sprint4.PolicyFormResultsTableDescription_2104"/>
</testsuite> <!-- com.carmen.Sprint4.PolicyFormResultsTableDescription_2104 -->
