<?xml version="1.0" encoding="UTF-8"?>
<!-- Generated by org.testng.reporters.JUnitReportReporter -->
<testsuite skipped="0" hostname="QTSITVDI0028" name="com.Spuds.ViewPolicySearch" tests="2" failures="0" timestamp="29 Jul 2019 11:40:33 GMT" time="39.867" errors="0">
  <testcase name="ViewPolicySearchLeftMenu" time="12.936" classname="com.Spuds.ViewPolicySearch"/>
  <testcase name="ViewPolicySearchMainMenu" time="26.931" classname="com.Spuds.ViewPolicySearch"/>
</testsuite> <!-- com.Spuds.ViewPolicySearch -->
