<?xml version="1.0" encoding="UTF-8"?>
<!-- Generated by org.testng.reporters.JUnitReportReporter -->
<testsuite skipped="0" hostname="QTSITVDI0028" name="com.carmen.Sprint2.LOBCancel_198" tests="4" failures="0" timestamp="23 May 2019 08:42:52 GMT" time="124.374" errors="0">
  <testcase name="LOBCancel_3733" time="17.600" classname="com.carmen.Sprint2.LOBCancel_198"/>
  <testcase name="LOBCancel_3734" time="20.451" classname="com.carmen.Sprint2.LOBCancel_198"/>
  <testcase name="LOBCancel_3736" time="21.637" classname="com.carmen.Sprint2.LOBCancel_198"/>
  <testcase name="LOBCancel_3739" time="64.686" classname="com.carmen.Sprint2.LOBCancel_198"/>
</testsuite> <!-- com.carmen.Sprint2.LOBCancel_198 -->
