<?xml version="1.0" encoding="UTF-8"?>
<!-- Generated by org.testng.reporters.JUnitReportReporter -->
<testsuite skipped="0" hostname="QTSITVDI0028" name="com.carmen.voids.TransactionHistoryFunctionsSearch_6311" tests="1" failures="0" timestamp="08 Jan 2019 13:50:50 GMT" time="33.359" errors="0">
  <testcase name="TransactionHistoryFiltersTransactionTypeSearchLossDCCAOFilterAndReserveAdjustments_9613" time="33.359" classname="com.carmen.voids.TransactionHistoryFunctionsSearch_6311"/>
</testsuite> <!-- com.carmen.voids.TransactionHistoryFunctionsSearch_6311 -->
