<?xml version="1.0" encoding="UTF-8"?>
<!-- Generated by org.testng.reporters.JUnitReportReporter -->
<testsuite skipped="0" hostname="QTSITVDI0028" name="com.carmen.voids.TransactionHistoryFiltersTransactionType_9613" tests="1" failures="0" timestamp="14 Feb 2019 12:17:12 GMT" time="13.055" errors="0">
  <testcase name="TransactionHistoryFiltersTransactionTypeSearchPayments_9613" time="13.055" classname="com.carmen.voids.TransactionHistoryFiltersTransactionType_9613"/>
</testsuite> <!-- com.carmen.voids.TransactionHistoryFiltersTransactionType_9613 -->
