<?xml version="1.0" encoding="UTF-8"?>
<!-- Generated by org.testng.reporters.JUnitReportReporter -->
<testsuite skipped="0" hostname="QTSITVDI0028" name="com.carmen.Sprint5.AddPartiesScreenCancelButton_5655" tests="3" failures="0" timestamp="23 May 2019 11:04:31 GMT" time="117.532" errors="0">
  <testcase name="AddPartiesScreenCancelButton_7445" time="40.458" classname="com.carmen.Sprint5.AddPartiesScreenCancelButton_5655"/>
  <testcase name="AddPartiesScreenCancelButton_7449" time="35.959" classname="com.carmen.Sprint5.AddPartiesScreenCancelButton_5655"/>
  <testcase name="AddPartiesScreenCancelButton_7447" time="41.115" classname="com.carmen.Sprint5.AddPartiesScreenCancelButton_5655"/>
</testsuite> <!-- com.carmen.Sprint5.AddPartiesScreenCancelButton_5655 -->
