<?xml version="1.0" encoding="UTF-8"?>
<!-- Generated by org.testng.reporters.JUnitReportReporter -->
<testsuite skipped="0" hostname="QTSITVDI0028" name="com.carmen.CopyCLaim.RelationshipDefenseMaster_5137" tests="1" failures="0" timestamp="15 Feb 2019 11:16:29 GMT" time="17.155" errors="0">
  <testcase name="RelationshipDefenseMaster5137" time="17.155" classname="com.carmen.CopyCLaim.RelationshipDefenseMaster_5137"/>
</testsuite> <!-- com.carmen.CopyCLaim.RelationshipDefenseMaster_5137 -->
