<?xml version="1.0" encoding="UTF-8"?>
<!-- Generated by org.testng.reporters.JUnitReportReporter -->
<testsuite skipped="0" hostname="QTSITVDI0028" name="com.carmen.ChangeClaim.ChangePCMClaim_4461" tests="1" failures="0" timestamp="18 Feb 2019 10:30:12 GMT" time="18.505" errors="0">
  <testcase name="ChangePCMClaim4461" time="18.505" classname="com.carmen.ChangeClaim.ChangePCMClaim_4461"/>
</testsuite> <!-- com.carmen.ChangeClaim.ChangePCMClaim_4461 -->
