<?xml version="1.0" encoding="UTF-8"?>
<!-- Generated by org.testng.reporters.JUnitReportReporter -->
<testsuite skipped="0" hostname="QTSITVDI0028" name="com.carmen.Sprint4.FormResultsTableState_2103" tests="2" failures="0" timestamp="23 May 2019 10:07:10 GMT" time="74.685" errors="0">
  <testcase name="FormResultsTableState_4953" time="35.594" classname="com.carmen.Sprint4.FormResultsTableState_2103"/>
  <testcase name="FormResultsTableState_4954" time="39.091" classname="com.carmen.Sprint4.FormResultsTableState_2103"/>
</testsuite> <!-- com.carmen.Sprint4.FormResultsTableState_2103 -->
