<?xml version="1.0" encoding="UTF-8"?>
<!-- Generated by org.testng.reporters.JUnitReportReporter -->
<testsuite skipped="0" hostname="QTSITVDI0028" name="com.carmen.Sprint5.UploadSchedulesPartiesChooseFileButton_5699" tests="1" failures="0" timestamp="23 May 2019 11:04:31 GMT" time="40.966" errors="0">
  <testcase name="UploadSchedulesPartiesChooseFileButton_7173" time="40.966" classname="com.carmen.Sprint5.UploadSchedulesPartiesChooseFileButton_5699"/>
</testsuite> <!-- com.carmen.Sprint5.UploadSchedulesPartiesChooseFileButton_5699 -->
