<?xml version="1.0" encoding="UTF-8"?>
<!-- Generated by org.testng.reporters.JUnitReportReporter -->
<testsuite skipped="0" hostname="QTSITVDI0028" name="com.carmensol.SaveAndNavigationalFunctions_148" tests="2" failures="0" timestamp="23 May 2019 07:54:35 GMT" time="22.598" errors="0">
  <testcase name="SaveAndNavigationalFunctions2232" time="11.487" classname="com.carmensol.SaveAndNavigationalFunctions_148"/>
  <testcase name="SaveAndNavigationalFunctions2233" time="11.111" classname="com.carmensol.SaveAndNavigationalFunctions_148"/>
</testsuite> <!-- com.carmensol.SaveAndNavigationalFunctions_148 -->
