<?xml version="1.0" encoding="UTF-8"?>
<!-- Generated by org.testng.reporters.JUnitReportReporter -->
<testsuite skipped="0" hostname="QTSITVDI0028" name="com.carmensol.SecureLogin_141" tests="1" failures="0" timestamp="23 May 2019 07:54:35 GMT" time="6.919" errors="0">
  <testcase name="CreatePolicyRenewal1560" time="6.919" classname="com.carmensol.SecureLogin_141"/>
</testsuite> <!-- com.carmensol.SecureLogin_141 -->
