<?xml version="1.0" encoding="UTF-8"?>
<!-- Generated by org.testng.reporters.JUnitReportReporter -->
<testsuite skipped="0" hostname="QTSITVDI0028" name="com.carmen.Sprint2.CLMManualSearch_422" tests="4" failures="0" timestamp="23 May 2019 08:42:52 GMT" time="109.715" errors="0">
  <testcase name="CLMManualSearch_2438" time="27.372" classname="com.carmen.Sprint2.CLMManualSearch_422"/>
  <testcase name="CLMManualSearch_2432" time="28.115" classname="com.carmen.Sprint2.CLMManualSearch_422"/>
  <testcase name="CLMManualSearch_2436" time="26.824" classname="com.carmen.Sprint2.CLMManualSearch_422"/>
  <testcase name="CLMManualSearch_2439" time="27.404" classname="com.carmen.Sprint2.CLMManualSearch_422"/>
</testsuite> <!-- com.carmen.Sprint2.CLMManualSearch_422 -->
