<?xml version="1.0" encoding="UTF-8"?>
<!-- Generated by org.testng.reporters.JUnitReportReporter -->
<testsuite skipped="0" hostname="QTSITVDI0028" name="com.carmen.Sprint4.PolicyFormResultsTableASLSubline_2110" tests="3" failures="0" timestamp="23 May 2019 10:07:10 GMT" time="114.658" errors="0">
  <testcase name="PolicyFormResultsTableASLSubline_5138" time="28.867" classname="com.carmen.Sprint4.PolicyFormResultsTableASLSubline_2110"/>
  <testcase name="PolicyFormResultsTableASLSubline_5139" time="32.538" classname="com.carmen.Sprint4.PolicyFormResultsTableASLSubline_2110"/>
  <testcase name="PolicyFormResultsTableASLSubline_5141" time="53.253" classname="com.carmen.Sprint4.PolicyFormResultsTableASLSubline_2110"/>
</testsuite> <!-- com.carmen.Sprint4.PolicyFormResultsTableASLSubline_2110 -->
