<?xml version="1.0" encoding="UTF-8"?>
<!-- Generated by org.testng.reporters.JUnitReportReporter -->
<testsuite skipped="0" hostname="QTSITVDI0028" name="com.carmen.Sprint4.FormTableFormNumberVersion_2102" tests="3" failures="0" timestamp="23 May 2019 10:07:10 GMT" time="121.324" errors="1">
  <testcase name="FormTableFormNumberVersion_4951" time="58.307" classname="com.carmen.Sprint4.FormTableFormNumberVersion_2102">
    <error type="java.lang.Error" message="The following element is not clickable: [[[ChromeDriver: chrome on XP (20a316d50039271aae15cab38be8275d)] -&gt; xpath: //*[@id=&#039;alertPanel&#039;]/div[3]/button]]">
      <![CDATA[java.lang.Error: The following element is not clickable: [[[ChromeDriver: chrome on XP (20a316d50039271aae15cab38be8275d)] -> xpath: //*[@id='alertPanel']/div[3]/button]]
at com.carmensol.utilities.utility1.click(utility1.java:541)
at com.carmen.Sprint4.FormTableFormNumberVersion_2102.FormTableFormNumberVersion_4951(FormTableFormNumberVersion_2102.java:128)
at sun.reflect.NativeMethodAccessorImpl.invoke0(Native Method)
at sun.reflect.NativeMethodAccessorImpl.invoke(Unknown Source)
at sun.reflect.DelegatingMethodAccessorImpl.invoke(Unknown Source)
at java.lang.reflect.Method.invoke(Unknown Source)
at org.testng.internal.MethodInvocationHelper.invokeMethod(MethodInvocationHelper.java:124)
at org.testng.internal.Invoker.invokeMethod(Invoker.java:580)
at org.testng.internal.Invoker.invokeTestMethod(Invoker.java:716)
at org.testng.internal.Invoker.invokeTestMethods(Invoker.java:988)
at org.testng.internal.TestMethodWorker.invokeTestMethods(TestMethodWorker.java:125)
at org.testng.internal.TestMethodWorker.run(TestMethodWorker.java:109)
at org.testng.TestRunner.privateRun(TestRunner.java:648)
at org.testng.TestRunner.run(TestRunner.java:505)
at org.testng.SuiteRunner.runTest(SuiteRunner.java:455)
at org.testng.SuiteRunner.runSequentially(SuiteRunner.java:450)
at org.testng.SuiteRunner.privateRun(SuiteRunner.java:415)
at org.testng.SuiteRunner.run(SuiteRunner.java:364)
at org.testng.SuiteRunnerWorker.runSuite(SuiteRunnerWorker.java:52)
at org.testng.SuiteRunnerWorker.run(SuiteRunnerWorker.java:84)
at org.testng.TestNG.runSuitesSequentially(TestNG.java:1208)
at org.testng.TestNG.runSuitesLocally(TestNG.java:1137)
at org.testng.TestNG.runSuites(TestNG.java:1049)
at org.testng.TestNG.run(TestNG.java:1017)
at org.testng.remote.AbstractRemoteTestNG.run(AbstractRemoteTestNG.java:114)
at org.testng.remote.RemoteTestNG.initAndRun(RemoteTestNG.java:251)
at org.testng.remote.RemoteTestNG.main(RemoteTestNG.java:77)
]]>
    </error>
  </testcase> <!-- FormTableFormNumberVersion_4951 -->
  <testcase name="FormTableFormNumberVersion_4947" time="29.430" classname="com.carmen.Sprint4.FormTableFormNumberVersion_2102"/>
  <testcase name="FormTableFormNumberVersion_4949" time="33.587" classname="com.carmen.Sprint4.FormTableFormNumberVersion_2102"/>
</testsuite> <!-- com.carmen.Sprint4.FormTableFormNumberVersion_2102 -->
