<?xml version="1.0" encoding="UTF-8"?>
<!-- Generated by org.testng.reporters.JUnitReportReporter -->
<testsuite skipped="0" hostname="QTSITVDI0028" name="com.Breeze.MedicalOnly_TN3" tests="1" failures="0" timestamp="04 Mar 2020 10:46:59 GMT" time="401.086" errors="0">
  <testcase name="MedicalOnly_TN3_Claim" time="401.086" classname="com.Breeze.MedicalOnly_TN3"/>
</testsuite> <!-- com.Breeze.MedicalOnly_TN3 -->
