<?xml version="1.0" encoding="UTF-8"?>
<!-- Generated by org.testng.reporters.JUnitReportReporter -->
<testsuite skipped="0" hostname="QTSITVDI0028" name="com.carmen.voids.TransactionHistoryFiltersTransactionType_6288" tests="1" failures="0" timestamp="14 Jan 2019 13:39:53 GMT" time="61.873" errors="0">
  <testcase name="TransactionHistoryFiltersTransactionTypeSearchPayments_9613" time="61.873" classname="com.carmen.voids.TransactionHistoryFiltersTransactionType_6288"/>
</testsuite> <!-- com.carmen.voids.TransactionHistoryFiltersTransactionType_6288 -->
