<?xml version="1.0" encoding="UTF-8"?>
<!-- Generated by org.testng.reporters.JUnitReportReporter -->
<testsuite skipped="0" hostname="QTSITVDI0028" name="com.carmensol.CreatePolicyNewBusiness_2283" tests="1" failures="0" timestamp="23 May 2019 07:54:35 GMT" time="22.849" errors="0">
  <testcase name="CreatePolicyNewBusiness2283" time="22.849" classname="com.carmensol.CreatePolicyNewBusiness_2283"/>
</testsuite> <!-- com.carmensol.CreatePolicyNewBusiness_2283 -->
