<?xml version="1.0" encoding="UTF-8"?>
<!-- Generated by org.testng.reporters.JUnitReportReporter -->
<testsuite skipped="0" hostname="QTSITVDI0028" name="com.carmen.Sprint2.BuildingNumberField_207" tests="2" failures="0" timestamp="23 May 2019 09:26:07 GMT" time="48.230" errors="0">
  <testcase name="BuildingNumberField_3832" time="26.532" classname="com.carmen.Sprint2.BuildingNumberField_207"/>
  <testcase name="BuildingNumberField_3829" time="21.698" classname="com.carmen.Sprint2.BuildingNumberField_207"/>
</testsuite> <!-- com.carmen.Sprint2.BuildingNumberField_207 -->
