<?xml version="1.0" encoding="UTF-8"?>
<!-- Generated by org.testng.reporters.JUnitReportReporter -->
<testsuite skipped="0" hostname="QTSITVDI0028" name="com.carmen.Sprint2.LOBUnitDetailFieldsChanges_475" tests="3" failures="0" timestamp="23 May 2019 08:42:52 GMT" time="107.421" errors="0">
  <testcase name="LOBUnitDetailFieldsChanges_3970" time="47.853" classname="com.carmen.Sprint2.LOBUnitDetailFieldsChanges_475"/>
  <testcase name="LOBUnitDetailFieldsChanges_3980" time="30.047" classname="com.carmen.Sprint2.LOBUnitDetailFieldsChanges_475"/>
  <testcase name="LOBUnitDetailFieldsChanges_3978" time="29.521" classname="com.carmen.Sprint2.LOBUnitDetailFieldsChanges_475"/>
</testsuite> <!-- com.carmen.Sprint2.LOBUnitDetailFieldsChanges_475 -->
