<?xml version="1.0" encoding="UTF-8"?>
<!-- Generated by org.testng.reporters.JUnitReportReporter -->
<testsuite skipped="0" hostname="QTSITVDI0028" name="com.Breeze.Claim3_9" tests="1" failures="0" timestamp="14 Oct 2019 12:45:14 GMT" time="369.890" errors="0">
  <testcase name="AddNotePolicy" time="369.890" classname="com.Breeze.Claim3_9"/>
</testsuite> <!-- com.Breeze.Claim3_9 -->
