<?xml version="1.0" encoding="UTF-8"?>
<!-- Generated by org.testng.reporters.JUnitReportReporter -->
<testsuite skipped="0" hostname="QTSITVDI0028" name="com.carmen.Sprint2.MultipleCoverageSameLocation_206" tests="2" failures="0" timestamp="23 May 2019 09:26:08 GMT" time="50.807" errors="0">
  <testcase name="MultipleCoverageSameLocation_3827" time="26.061" classname="com.carmen.Sprint2.MultipleCoverageSameLocation_206"/>
  <testcase name="MultipleCoverageSameLocation_3824" time="24.746" classname="com.carmen.Sprint2.MultipleCoverageSameLocation_206"/>
</testsuite> <!-- com.carmen.Sprint2.MultipleCoverageSameLocation_206 -->
