<?xml version="1.0" encoding="UTF-8"?>
<!-- Generated by org.testng.reporters.JUnitReportReporter -->
<testsuite skipped="0" hostname="QTSITVDI0028" name="com.carmen.CopyCLaim.CopyClaimantsUnits_4865" tests="1" failures="0" timestamp="15 Feb 2019 11:16:29 GMT" time="37.050" errors="0">
  <testcase name="CopyClaimantsUnits4865" time="37.050" classname="com.carmen.CopyCLaim.CopyClaimantsUnits_4865"/>
</testsuite> <!-- com.carmen.CopyCLaim.CopyClaimantsUnits_4865 -->
