<?xml version="1.0" encoding="UTF-8"?>
<!-- Generated by org.testng.reporters.JUnitReportReporter -->
<testsuite skipped="0" hostname="QTSITVDI0028" name="com.carmensol.SubBrokerAgent_34" tests="3" failures="0" timestamp="27 Feb 2019 13:32:14 GMT" time="59.041" errors="0">
  <testcase name="SubBrokerAgent_935" time="20.012" classname="com.carmensol.SubBrokerAgent_34"/>
  <testcase name="SubBrokerAgent_934" time="19.929" classname="com.carmensol.SubBrokerAgent_34"/>
  <testcase name="SubBrokerAgent_931" time="19.100" classname="com.carmensol.SubBrokerAgent_34"/>
</testsuite> <!-- com.carmensol.SubBrokerAgent_34 -->
