<?xml version="1.0" encoding="UTF-8"?>
<!-- Generated by org.testng.reporters.JUnitReportReporter -->
<testsuite skipped="0" hostname="QTSITVDI0028" name="com.carmen.Sprint5.AddNewLocationAddressSectionLocationNoField_5651" tests="2" failures="0" timestamp="23 May 2019 11:04:31 GMT" time="94.418" errors="0">
  <testcase name="AddNewLocationAddressSectionLocationNoField_7037" time="40.639" classname="com.carmen.Sprint5.AddNewLocationAddressSectionLocationNoField_5651"/>
  <testcase name="AddNewLocationAddressSectionLocationNoField_7035" time="53.779" classname="com.carmen.Sprint5.AddNewLocationAddressSectionLocationNoField_5651"/>
</testsuite> <!-- com.carmen.Sprint5.AddNewLocationAddressSectionLocationNoField_5651 -->
