<?xml version="1.0" encoding="UTF-8"?>
<!-- Generated by org.testng.reporters.JUnitReportReporter -->
<testsuite skipped="0" hostname="QTSITVDI0028" name="com.carmen.Sprint4.Save_2121" tests="5" failures="0" timestamp="23 May 2019 10:07:10 GMT" time="131.743" errors="0">
  <testcase name="Save_5094" time="23.443" classname="com.carmen.Sprint4.Save_2121"/>
  <testcase name="Save_5093" time="19.639" classname="com.carmen.Sprint4.Save_2121"/>
  <testcase name="Save_5091" time="27.458" classname="com.carmen.Sprint4.Save_2121"/>
  <testcase name="Save_5097" time="29.023" classname="com.carmen.Sprint4.Save_2121"/>
  <testcase name="Save_5104" time="32.180" classname="com.carmen.Sprint4.Save_2121"/>
</testsuite> <!-- com.carmen.Sprint4.Save_2121 -->
