<?xml version="1.0" encoding="UTF-8"?>
<!-- Generated by org.testng.reporters.JUnitReportReporter -->
<testsuite skipped="0" hostname="QTSITVDI0028" name="com.carmen.ChangeClaim.ChangePCMClaim_4459" tests="1" failures="0" timestamp="08 Feb 2019 08:03:44 GMT" time="18.254" errors="0">
  <testcase name="ChangePCMClaim4459" time="18.254" classname="com.carmen.ChangeClaim.ChangePCMClaim_4459"/>
</testsuite> <!-- com.carmen.ChangeClaim.ChangePCMClaim_4459 -->
