<?xml version="1.0" encoding="UTF-8"?>
<!-- Generated by org.testng.reporters.JUnitReportReporter -->
<testsuite skipped="0" hostname="QTSITVDI0028" name="com.carmen.Sprint2.AddNewCoverageSaveAddAnother_242" tests="2" failures="0" timestamp="23 May 2019 09:26:07 GMT" time="53.588" errors="0">
  <testcase name="AddNewCoverageSaveAddAnother_4330" time="25.080" classname="com.carmen.Sprint2.AddNewCoverageSaveAddAnother_242"/>
  <testcase name="AddNewCoverageSaveAddAnother_4328" time="28.508" classname="com.carmen.Sprint2.AddNewCoverageSaveAddAnother_242"/>
</testsuite> <!-- com.carmen.Sprint2.AddNewCoverageSaveAddAnother_242 -->
