<?xml version="1.0" encoding="UTF-8"?>
<!-- Generated by org.testng.reporters.JUnitReportReporter -->
<testsuite skipped="0" hostname="QTSITVDI0028" name="com.Breeze.IndemnityMedical_VA4" tests="1" failures="0" timestamp="04 Mar 2020 10:46:59 GMT" time="517.004" errors="0">
  <testcase name="IndemnityMedical_VA4_Claim" time="517.004" classname="com.Breeze.IndemnityMedical_VA4"/>
</testsuite> <!-- com.Breeze.IndemnityMedical_VA4 -->
