<?xml version="1.0" encoding="UTF-8"?>
<!-- Generated by org.testng.reporters.JUnitReportReporter -->
<testsuite skipped="0" hostname="QTSITVDI0028" name="com.carmensol.RecoverableAdjustmentTransaction_Reopen_SalExpRec_11706" tests="1" failures="0" timestamp="15 Feb 2019 10:02:39 GMT" time="100.315" errors="0">
  <testcase name="Test_RecoverableAdjustmentTransaction_ReopenSalExpRec" time="100.315" classname="com.carmensol.RecoverableAdjustmentTransaction_Reopen_SalExpRec_11706"/>
</testsuite> <!-- com.carmensol.RecoverableAdjustmentTransaction_Reopen_SalExpRec_11706 -->
