<?xml version="1.0" encoding="UTF-8"?>
<!-- Generated by org.testng.reporters.JUnitReportReporter -->
<testsuite skipped="0" hostname="QTSITVDI0028" name="com.carmen.voids.MCIAdminScreen_10537_10538_10539" tests="3" failures="0" timestamp="14 Feb 2019 12:17:12 GMT" time="37.958" errors="0">
  <testcase name="MCIAdminScreen10537" time="9.844" classname="com.carmen.voids.MCIAdminScreen_10537_10538_10539"/>
  <testcase name="MCIAdminScreen10538" time="12.195" classname="com.carmen.voids.MCIAdminScreen_10537_10538_10539"/>
  <testcase name="MCIAdminScreen10539" time="15.919" classname="com.carmen.voids.MCIAdminScreen_10537_10538_10539"/>
</testsuite> <!-- com.carmen.voids.MCIAdminScreen_10537_10538_10539 -->
