<?xml version="1.0" encoding="UTF-8"?>
<!-- Generated by org.testng.reporters.JUnitReportReporter -->
<testsuite skipped="0" hostname="QTSITVDI0028" name="com.carmen.ChangeClaim.ChangeCMRClaimReportedDateBeforeLatestExpTailDateAfterReportedDifferentPolicyEdition_4407" tests="1" failures="0" timestamp="18 Feb 2019 10:30:12 GMT" time="18.525" errors="0">
  <testcase name="ChangeCMRClaimReportedDateBeforeLatestExpTailDateAfterReportedDifferentPolicyEdition4407" time="18.525" classname="com.carmen.ChangeClaim.ChangeCMRClaimReportedDateBeforeLatestExpTailDateAfterReportedDifferentPolicyEdition_4407"/>
</testsuite> <!-- com.carmen.ChangeClaim.ChangeCMRClaimReportedDateBeforeLatestExpTailDateAfterReportedDifferentPolicyEdition_4407 -->
