<?xml version="1.0" encoding="UTF-8"?>
<!-- Generated by org.testng.reporters.JUnitReportReporter -->
<testsuite skipped="0" hostname="QTSITVDI0028" name="com.carmen.CopyCLaim.CopyClaimCopyType_4686" tests="1" failures="0" timestamp="15 Feb 2019 11:16:29 GMT" time="12.041" errors="0">
  <testcase name="CopyClaimCopyType4686" time="12.041" classname="com.carmen.CopyCLaim.CopyClaimCopyType_4686"/>
</testsuite> <!-- com.carmen.CopyCLaim.CopyClaimCopyType_4686 -->
