<?xml version="1.0" encoding="UTF-8"?>
<!-- Generated by org.testng.reporters.JUnitReportReporter -->
<testsuite skipped="0" hostname="QTSITVDI0028" name="com.carmen.voids.MCIDetailSaveCreate_10720" tests="1" failures="0" timestamp="15 Feb 2019 13:29:24 GMT" time="16.815" errors="0">
  <testcase name="MCIDetailSaveCreate10720" time="16.815" classname="com.carmen.voids.MCIDetailSaveCreate_10720"/>
</testsuite> <!-- com.carmen.voids.MCIDetailSaveCreate_10720 -->
