<?xml version="1.0" encoding="UTF-8"?>
<!-- Generated by org.testng.reporters.JUnitReportReporter -->
<testsuite skipped="0" hostname="QTSITVDI0028" name="com.Breeze.Claim2" tests="1" failures="0" timestamp="14 Oct 2019 08:52:53 GMT" time="1224.805" errors="0">
  <testcase name="AddNotePolicy" time="1224.805" classname="com.Breeze.Claim2"/>
</testsuite> <!-- com.Breeze.Claim2 -->
