<?xml version="1.0" encoding="UTF-8"?>
<!-- Generated by org.testng.reporters.JUnitReportReporter -->
<testsuite skipped="0" hostname="QTSITVDI0028" name="com.carmen.Sprint4.PolicyFormsSearchScreenAddSelectedFormButton_2091" tests="2" failures="0" timestamp="23 May 2019 10:07:10 GMT" time="135.025" errors="0">
  <testcase name="PolicyFormsSearchScreenAddSelectedFormButton_4832" time="92.192" classname="com.carmen.Sprint4.PolicyFormsSearchScreenAddSelectedFormButton_2091"/>
  <testcase name="PolicyFormsSearchScreenAddSelectedFormButton_4831" time="42.833" classname="com.carmen.Sprint4.PolicyFormsSearchScreenAddSelectedFormButton_2091"/>
</testsuite> <!-- com.carmen.Sprint4.PolicyFormsSearchScreenAddSelectedFormButton_2091 -->
