<?xml version="1.0" encoding="UTF-8"?>
<!-- Generated by org.testng.reporters.JUnitReportReporter -->
<testsuite skipped="0" hostname="QTSITVDI0028" name="com.Spuds.CopyFeature" tests="9" failures="0" timestamp="29 Jul 2019 07:46:35 GMT" time="262.723" errors="0">
  <testcase name="CopyNewSubmission" time="26.017" classname="com.Spuds.CopyFeature"/>
  <testcase name="CopyDocumentNewSubmission" time="31.363" classname="com.Spuds.CopyFeature"/>
  <testcase name="DataCopiedNewSubmission" time="53.101" classname="com.Spuds.CopyFeature"/>
  <testcase name="CopyWebWorksheetsNewSubmission" time="32.208" classname="com.Spuds.CopyFeature"/>
  <testcase name="CopyDocumentExistingSubmission" time="30.052" classname="com.Spuds.CopyFeature"/>
  <testcase name="CopyDocumentCurrentSubmission" time="33.280" classname="com.Spuds.CopyFeature"/>
  <testcase name="FiltersCopyScreen" time="23.699" classname="com.Spuds.CopyFeature"/>
  <testcase name="DocumentsColumnsAvailableCopyScreen" time="16.270" classname="com.Spuds.CopyFeature"/>
  <testcase name="OpenocumentsCopyScreen" time="16.733" classname="com.Spuds.CopyFeature"/>
</testsuite> <!-- com.Spuds.CopyFeature -->
