<?xml version="1.0" encoding="UTF-8"?>
<!-- Generated by org.testng.reporters.JUnitReportReporter -->
<testsuite skipped="0" hostname="QTSITVDI0028" name="com.carmen.voids.AccessingtheMCIAdminScreenNoOpenClaim_10537" tests="1" failures="0" timestamp="10 Jan 2019 08:51:03 GMT" time="14.650" errors="0">
  <testcase name="AccessingtheMCIAdminScreenNoOpenClaim10537" time="14.650" classname="com.carmen.voids.AccessingtheMCIAdminScreenNoOpenClaim_10537"/>
</testsuite> <!-- com.carmen.voids.AccessingtheMCIAdminScreenNoOpenClaim_10537 -->
