<?xml version="1.0" encoding="UTF-8"?>
<!-- Generated by org.testng.reporters.JUnitReportReporter -->
<testsuite skipped="0" hostname="QTSITVDI0028" name="com.carmen.CopyCLaim.MCIExistingMultiClaimIncidentBlankErrorMessage_5195" tests="1" failures="0" timestamp="15 Feb 2019 11:16:29 GMT" time="11.716" errors="0">
  <testcase name="MCIExistingMultiClaimIncidentBlankErrorMessage5195" time="11.716" classname="com.carmen.CopyCLaim.MCIExistingMultiClaimIncidentBlankErrorMessage_5195"/>
</testsuite> <!-- com.carmen.CopyCLaim.MCIExistingMultiClaimIncidentBlankErrorMessage_5195 -->
