<?xml version="1.0" encoding="UTF-8"?>
<!-- Generated by org.testng.reporters.JUnitReportReporter -->
<testsuite skipped="0" hostname="QTSITVDI0028" name="com.carmen.Sprint2.AddCoverageUnit_183" tests="3" failures="0" timestamp="23 May 2019 08:42:52 GMT" time="37.374" errors="0">
  <testcase name="AddCoverageUnit_3710" time="15.933" classname="com.carmen.Sprint2.AddCoverageUnit_183"/>
  <testcase name="AddCoverageUnit_3712" time="10.390" classname="com.carmen.Sprint2.AddCoverageUnit_183"/>
  <testcase name="AddCoverageUnit_3713" time="11.051" classname="com.carmen.Sprint2.AddCoverageUnit_183"/>
</testsuite> <!-- com.carmen.Sprint2.AddCoverageUnit_183 -->
