<?xml version="1.0" encoding="UTF-8"?>
<!-- Generated by org.testng.reporters.JUnitReportReporter -->
<testsuite skipped="0" hostname="QTSITVDI0028" name="com.carmensol.DriverClass" tests="1" failures="0" timestamp="12 Dec 2018 14:50:30 GMT" time="0.002" errors="0">
  <testcase name="Driveit" time="0.002" classname="com.carmensol.DriverClass"/>
</testsuite> <!-- com.carmensol.DriverClass -->
