<?xml version="1.0" encoding="UTF-8"?>
<!-- Generated by org.testng.reporters.JUnitReportReporter -->
<testsuite skipped="0" hostname="QTSITVDI0028" name="com.carmen.Sprint5.AddNewPartySectionUnitField_5666" tests="2" failures="0" timestamp="23 May 2019 11:04:31 GMT" time="71.727" errors="0">
  <testcase name="AddNewPartySectionUnitField_7331" time="36.470" classname="com.carmen.Sprint5.AddNewPartySectionUnitField_5666"/>
  <testcase name="AddNewPartySectionUnitField_7334" time="35.257" classname="com.carmen.Sprint5.AddNewPartySectionUnitField_5666"/>
</testsuite> <!-- com.carmen.Sprint5.AddNewPartySectionUnitField_5666 -->
