<?xml version="1.0" encoding="UTF-8"?>
<!-- Generated by org.testng.reporters.JUnitReportReporter -->
<testsuite skipped="0" hostname="QTSITVDI0028" name="com.carmen.Sprint2.CoverageUnitDetailSection_232" tests="3" failures="0" timestamp="23 May 2019 08:42:52 GMT" time="76.114" errors="0">
  <testcase name="CoverageUnitDetailSection_3885" time="24.497" classname="com.carmen.Sprint2.CoverageUnitDetailSection_232"/>
  <testcase name="CoverageUnitDetailSection_3888" time="28.446" classname="com.carmen.Sprint2.CoverageUnitDetailSection_232"/>
  <testcase name="CoverageUnitDetailSection_3887" time="23.171" classname="com.carmen.Sprint2.CoverageUnitDetailSection_232"/>
</testsuite> <!-- com.carmen.Sprint2.CoverageUnitDetailSection_232 -->
