<?xml version="1.0" encoding="UTF-8"?>
<!-- Generated by org.testng.reporters.JUnitReportReporter -->
<testsuite skipped="0" hostname="QTSITVDI0028" name="com.carmen.ChangeClaim.TailDateAfterReportedDateDiffPolicy_4425_4426_4427" tests="1" failures="0" timestamp="18 Feb 2019 10:30:12 GMT" time="30.610" errors="0">
  <testcase name="TailDateAfterReportedDateDiffPolicy_4425_4426_4427_3Testcases" time="30.610" classname="com.carmen.ChangeClaim.TailDateAfterReportedDateDiffPolicy_4425_4426_4427"/>
</testsuite> <!-- com.carmen.ChangeClaim.TailDateAfterReportedDateDiffPolicy_4425_4426_4427 -->
