<?xml version="1.0" encoding="UTF-8"?>
<!-- Generated by org.testng.reporters.JUnitReportReporter -->
<testsuite skipped="0" hostname="QTSITVDI0028" name="com.carmen.ChangeClaim.ChangePCMClaim_4481_4482_4483" tests="1" failures="0" timestamp="18 Feb 2019 10:30:12 GMT" time="30.380" errors="0">
  <testcase name="ChangePCMClaim_4481_4482_4483_3Testcases" time="30.380" classname="com.carmen.ChangeClaim.ChangePCMClaim_4481_4482_4483"/>
</testsuite> <!-- com.carmen.ChangeClaim.ChangePCMClaim_4481_4482_4483 -->
