<?xml version="1.0" encoding="UTF-8"?>
<!-- Generated by org.testng.reporters.JUnitReportReporter -->
<testsuite skipped="0" hostname="QTSITVDI0028" name="com.carmen.CopyCLaim.MCIAssociationUsingExistingMCI_5183" tests="1" failures="0" timestamp="15 Feb 2019 11:16:29 GMT" time="32.042" errors="0">
  <testcase name="MCIAssociationUsingExistingMCI5183" time="32.042" classname="com.carmen.CopyCLaim.MCIAssociationUsingExistingMCI_5183"/>
</testsuite> <!-- com.carmen.CopyCLaim.MCIAssociationUsingExistingMCI_5183 -->
