<?xml version="1.0" encoding="UTF-8"?>
<!-- Generated by org.testng.reporters.JUnitReportReporter -->
<testsuite skipped="0" hostname="QTSITVDI0028" name="com.carmensol.PolicyRenewalExpiringPolicyEdSelection_157" tests="6" failures="0" timestamp="23 May 2019 08:13:19 GMT" time="168.491" errors="0">
  <testcase name="PolicyRenewalExpiringPolicyEdSelection_978" time="8.595" classname="com.carmensol.PolicyRenewalExpiringPolicyEdSelection_157"/>
  <testcase name="PolicyRenewalExpiringPolicyEdSelection_973" time="59.281" classname="com.carmensol.PolicyRenewalExpiringPolicyEdSelection_157"/>
  <testcase name="PolicyRenewalExpiringPolicyEdSelection_979" time="9.794" classname="com.carmensol.PolicyRenewalExpiringPolicyEdSelection_157"/>
  <testcase name="PolicyRenewalExpiringPolicyEdSelection_1045" time="42.072" classname="com.carmensol.PolicyRenewalExpiringPolicyEdSelection_157"/>
  <testcase name="PolicyRenewalExpiringPolicyEdSelection_1051" time="41.375" classname="com.carmensol.PolicyRenewalExpiringPolicyEdSelection_157"/>
  <testcase name="PolicyRenewalExpiringPolicyEdSelection_972" time="7.374" classname="com.carmensol.PolicyRenewalExpiringPolicyEdSelection_157"/>
</testsuite> <!-- com.carmensol.PolicyRenewalExpiringPolicyEdSelection_157 -->
