<?xml version="1.0" encoding="UTF-8"?>
<!-- Generated by org.testng.reporters.JUnitReportReporter -->
<testsuite skipped="0" hostname="QTSITVDI0028" name="com.carmen.Sprint5.SchedulesDetailLaunchItemAddSpecialEvents_5636" tests="1" failures="0" timestamp="23 May 2019 10:27:30 GMT" time="52.775" errors="0">
  <testcase name="SchedulesDetailLaunchItemAddSpecialEvents_6989" time="52.775" classname="com.carmen.Sprint5.SchedulesDetailLaunchItemAddSpecialEvents_5636"/>
</testsuite> <!-- com.carmen.Sprint5.SchedulesDetailLaunchItemAddSpecialEvents_5636 -->
