<?xml version="1.0" encoding="UTF-8"?>
<!-- Generated by org.testng.reporters.JUnitReportReporter -->
<testsuite skipped="0" hostname="QTSITVDI0028" name="com.carmen.voids.VoidRecoveryCheckAlreadyVoidedValidation_10728" tests="1" failures="0" timestamp="15 Feb 2019 13:34:55 GMT" time="66.056" errors="0">
  <testcase name="VoidRecoveryCheckAlreadyVoidedValidation10728" time="66.056" classname="com.carmen.voids.VoidRecoveryCheckAlreadyVoidedValidation_10728"/>
</testsuite> <!-- com.carmen.voids.VoidRecoveryCheckAlreadyVoidedValidation_10728 -->
