<?xml version="1.0" encoding="UTF-8"?>
<!-- Generated by org.testng.reporters.JUnitReportReporter -->
<testsuite skipped="0" hostname="QTSITVDI0028" name="com.carmen.Sprint2.DeleteButtonLOBUnit_225" tests="6" failures="0" timestamp="23 May 2019 08:42:52 GMT" time="189.198" errors="0">
  <testcase name="DeleteButtonLOBUnit_4864" time="27.342" classname="com.carmen.Sprint2.DeleteButtonLOBUnit_225"/>
  <testcase name="DeleteButtonLOBUnit_4865" time="20.269" classname="com.carmen.Sprint2.DeleteButtonLOBUnit_225"/>
  <testcase name="DeleteButtonLOBUnit_4871" time="30.025" classname="com.carmen.Sprint2.DeleteButtonLOBUnit_225"/>
  <testcase name="DeleteButtonLOBUnit_4873" time="24.123" classname="com.carmen.Sprint2.DeleteButtonLOBUnit_225"/>
  <testcase name="DeleteButtonLOBUnit_4877" time="33.834" classname="com.carmen.Sprint2.DeleteButtonLOBUnit_225"/>
  <testcase name="DeleteButtonLOBUnit_4878" time="53.605" classname="com.carmen.Sprint2.DeleteButtonLOBUnit_225"/>
</testsuite> <!-- com.carmen.Sprint2.DeleteButtonLOBUnit_225 -->
