<?xml version="1.0" encoding="UTF-8"?>
<!-- Generated by org.testng.reporters.JUnitReportReporter -->
<testsuite skipped="0" hostname="QTSITVDI0028" name="com.carmen.Sprint2.UnitDetailUndeleteButton_226" tests="4" failures="0" timestamp="23 May 2019 08:42:52 GMT" time="131.585" errors="0">
  <testcase name="UnitDetailUndeleteButton_4888" time="30.742" classname="com.carmen.Sprint2.UnitDetailUndeleteButton_226"/>
  <testcase name="UnitDetailUndeleteButton_4886" time="22.700" classname="com.carmen.Sprint2.UnitDetailUndeleteButton_226"/>
  <testcase name="UnitDetailUndeleteButton_4891" time="27.170" classname="com.carmen.Sprint2.UnitDetailUndeleteButton_226"/>
  <testcase name="UnitDetailUndeleteButton_4898" time="50.973" classname="com.carmen.Sprint2.UnitDetailUndeleteButton_226"/>
</testsuite> <!-- com.carmen.Sprint2.UnitDetailUndeleteButton_226 -->
