<?xml version="1.0" encoding="UTF-8"?>
<!-- Generated by org.testng.reporters.JUnitReportReporter -->
<testsuite skipped="0" hostname="QTSITVDI0028" name="com.carmensol.CreateClaimSaveAndContinue" tests="1" failures="0" timestamp="15 Feb 2019 10:02:39 GMT" time="130.794" errors="0">
  <testcase name="CreateClaim_2658To2697_6_SubTestcases" time="130.794" classname="com.carmensol.CreateClaimSaveAndContinue"/>
</testsuite> <!-- com.carmensol.CreateClaimSaveAndContinue -->
