<?xml version="1.0" encoding="UTF-8"?>
<!-- Generated by org.testng.reporters.JUnitReportReporter -->
<testsuite skipped="0" hostname="QTSITVDI0028" name="com.carmen.Sprint2.Sprint2SavePolicy_1064" tests="3" failures="0" timestamp="23 May 2019 09:43:13 GMT" time="65.349" errors="0">
  <testcase name="Sprint2SavePolicy_4774" time="17.852" classname="com.carmen.Sprint2.Sprint2SavePolicy_1064"/>
  <testcase name="Sprint2SavePolicy_4776" time="27.024" classname="com.carmen.Sprint2.Sprint2SavePolicy_1064"/>
  <testcase name="Sprint2SavePolicy_4781" time="20.473" classname="com.carmen.Sprint2.Sprint2SavePolicy_1064"/>
</testsuite> <!-- com.carmen.Sprint2.Sprint2SavePolicy_1064 -->
