<?xml version="1.0" encoding="UTF-8"?>
<!-- Generated by org.testng.reporters.JUnitReportReporter -->
<testsuite skipped="0" hostname="QTSITVDI0028" name="com.carmen.Sprint4.PolicyFormResultsTableFormType_5457" tests="1" failures="0" timestamp="23 May 2019 10:07:10 GMT" time="36.080" errors="0">
  <testcase name="PolicyFormResultsTableFormType_6468" time="36.080" classname="com.carmen.Sprint4.PolicyFormResultsTableFormType_5457"/>
</testsuite> <!-- com.carmen.Sprint4.PolicyFormResultsTableFormType_5457 -->
