<?xml version="1.0" encoding="UTF-8"?>
<!-- Generated by org.testng.reporters.JUnitReportReporter -->
<testsuite skipped="0" hostname="QTSITVDI0028" name="com.carmen.Sprint5.AddNewLocationAddressSectionUnitField_5652" tests="2" failures="0" timestamp="23 May 2019 11:39:45 GMT" time="74.087" errors="0">
  <testcase name="AddNewLocationAddressSectionUnitField_7439" time="37.667" classname="com.carmen.Sprint5.AddNewLocationAddressSectionUnitField_5652"/>
  <testcase name="AddNewLocationAddressSectionUnitField_7442" time="36.420" classname="com.carmen.Sprint5.AddNewLocationAddressSectionUnitField_5652"/>
</testsuite> <!-- com.carmen.Sprint5.AddNewLocationAddressSectionUnitField_5652 -->
