<?xml version="1.0" encoding="UTF-8"?>
<!-- Generated by org.testng.reporters.JUnitReportReporter -->
<testsuite skipped="0" hostname="QTSITVDI0028" name="com.carmensol.CreatePolicyRenewal_156" tests="1" failures="0" timestamp="22 Feb 2019 09:16:32 GMT" time="13.990" errors="0">
  <testcase name="CreatePolicyRenewal156" time="13.990" classname="com.carmensol.CreatePolicyRenewal_156"/>
</testsuite> <!-- com.carmensol.CreatePolicyRenewal_156 -->
