<?xml version="1.0" encoding="UTF-8"?>
<!-- Generated by org.testng.reporters.JUnitReportReporter -->
<testsuite skipped="0" hostname="QTSITVDI0028" name="com.carmen.ChangeClaim.ChangeClaimTypeClaimTypeNoPolicy_4118" tests="1" failures="0" timestamp="18 Feb 2019 10:30:12 GMT" time="15.246" errors="0">
  <testcase name="ChangeClaimTypeClaimTypeNoPolicy4118" time="15.246" classname="com.carmen.ChangeClaim.ChangeClaimTypeClaimTypeNoPolicy_4118"/>
</testsuite> <!-- com.carmen.ChangeClaim.ChangeClaimTypeClaimTypeNoPolicy_4118 -->
