<?xml version="1.0" encoding="UTF-8"?>
<!-- Generated by org.testng.reporters.JUnitReportReporter -->
<testsuite skipped="0" hostname="QTSITVDI0028" name="com.carmen.ChangeClaim.ChangeCMRClaim_4002" tests="1" failures="0" timestamp="18 Feb 2019 10:30:12 GMT" time="19.052" errors="0">
  <testcase name="ChangeCMRClaim4002" time="19.052" classname="com.carmen.ChangeClaim.ChangeCMRClaim_4002"/>
</testsuite> <!-- com.carmen.ChangeClaim.ChangeCMRClaim_4002 -->
