<?xml version="1.0" encoding="UTF-8"?>
<!-- Generated by org.testng.reporters.JUnitReportReporter -->
<testsuite skipped="0" hostname="QTSITVDI0028" name="com.carmen.Sprint5.AddNewLocationAddressSectionVerificationNamesDuplicateTableEntries_6078" tests="2" failures="0" timestamp="23 May 2019 11:04:31 GMT" time="97.318" errors="0">
  <testcase name="AddNewLocationAddressSectionVerificationNamesDuplicateTableEntries_7379" time="46.913" classname="com.carmen.Sprint5.AddNewLocationAddressSectionVerificationNamesDuplicateTableEntries_6078"/>
  <testcase name="AddNewLocationAddressSectionVerificationNamesDuplicateTableEntries_7383" time="50.405" classname="com.carmen.Sprint5.AddNewLocationAddressSectionVerificationNamesDuplicateTableEntries_6078"/>
</testsuite> <!-- com.carmen.Sprint5.AddNewLocationAddressSectionVerificationNamesDuplicateTableEntries_6078 -->
