<?xml version="1.0" encoding="UTF-8"?>
<!-- Generated by org.testng.reporters.JUnitReportReporter -->
<testsuite skipped="0" hostname="QTSITVDI0028" name="com.carmen.Sprint5.AddPartiesSectionUploadListButton_5661" tests="1" failures="0" timestamp="23 May 2019 11:04:31 GMT" time="35.766" errors="0">
  <testcase name="AddPartiesSectionUploadListButton_7266" time="35.766" classname="com.carmen.Sprint5.AddPartiesSectionUploadListButton_5661"/>
</testsuite> <!-- com.carmen.Sprint5.AddPartiesSectionUploadListButton_5661 -->
