<?xml version="1.0" encoding="UTF-8"?>
<!-- Generated by org.testng.reporters.JUnitReportReporter -->
<testsuite skipped="0" hostname="QTSITVDI0028" name="com.carmen.ChangeClaim.ChangeCMRClaimReportedDateBeforeLatestExpTailDateBeforeReportedDifferentPolicyEdition_4408" tests="1" failures="0" timestamp="18 Feb 2019 10:30:12 GMT" time="16.222" errors="0">
  <testcase name="ChangeCMRClaimReportedDateBeforeLatestExpTailDateBeforeReportedDifferentPolicyEdition4408" time="16.222" classname="com.carmen.ChangeClaim.ChangeCMRClaimReportedDateBeforeLatestExpTailDateBeforeReportedDifferentPolicyEdition_4408"/>
</testsuite> <!-- com.carmen.ChangeClaim.ChangeCMRClaimReportedDateBeforeLatestExpTailDateBeforeReportedDifferentPolicyEdition_4408 -->
