<?xml version="1.0" encoding="UTF-8"?>
<!-- Generated by org.testng.reporters.JUnitReportReporter -->
<testsuite skipped="0" hostname="QTSITVDI0028" name="com.carmen.voids.TransactionHistorySecurity_6280" tests="1" failures="0" timestamp="14 Jan 2019 11:53:16 GMT" time="34.412" errors="0">
  <testcase name="Accessing_Transaction_History_from_UnitFinancial_Detail_AsA_ClaimsManager_Edit_9519" time="34.412" classname="com.carmen.voids.TransactionHistorySecurity_6280"/>
</testsuite> <!-- com.carmen.voids.TransactionHistorySecurity_6280 -->
