<?xml version="1.0" encoding="UTF-8"?>
<!-- Generated by org.testng.reporters.JUnitReportReporter -->
<testsuite skipped="0" hostname="QTSITVDI0028" name="com.carmensol.PartialDeductibleLossRecoveryIssuedToClaimant_11707" tests="1" failures="0" timestamp="15 Feb 2019 10:02:39 GMT" time="55.686" errors="0">
  <testcase name="Test_PartialDeductibleLossRecoveryIssuedToClaimant" time="55.686" classname="com.carmensol.PartialDeductibleLossRecoveryIssuedToClaimant_11707"/>
</testsuite> <!-- com.carmensol.PartialDeductibleLossRecoveryIssuedToClaimant_11707 -->
