<?xml version="1.0" encoding="UTF-8"?>
<!-- Generated by org.testng.reporters.JUnitReportReporter -->
<testsuite skipped="0" hostname="QTSITVDI0028" name="com.carmen.CopyCLaim.MCIExistingClaimUsingSameClaim_5191" tests="1" failures="0" timestamp="15 Feb 2019 11:16:29 GMT" time="14.549" errors="0">
  <testcase name="MCIExistingClaimUsingSameClaim5191" time="14.549" classname="com.carmen.CopyCLaim.MCIExistingClaimUsingSameClaim_5191"/>
</testsuite> <!-- com.carmen.CopyCLaim.MCIExistingClaimUsingSameClaim_5191 -->
