<?xml version="1.0" encoding="UTF-8"?>
<!-- Generated by org.testng.reporters.JUnitReportReporter -->
<testsuite skipped="0" hostname="QTSITVDI0028" name="com.carmen.Sprint5.AddSpecialEventsSectionSearchExistingButton_5675" tests="1" failures="0" timestamp="23 May 2019 11:04:31 GMT" time="49.952" errors="0">
  <testcase name="AddSpecialEventsSectionSearchExistingButton_7103" time="49.952" classname="com.carmen.Sprint5.AddSpecialEventsSectionSearchExistingButton_5675"/>
</testsuite> <!-- com.carmen.Sprint5.AddSpecialEventsSectionSearchExistingButton_5675 -->
