<?xml version="1.0" encoding="UTF-8"?>
<!-- Generated by org.testng.reporters.JUnitReportReporter -->
<testsuite skipped="0" hostname="QTSITVDI0028" name="com.carmensol.PartialDeductibleLossRecovery_IssuedTo_OtherCollFeeYes_11708" tests="1" failures="0" timestamp="15 Feb 2019 10:02:39 GMT" time="403.738" errors="0">
  <testcase name="PartialDeductibleLossRecovery_IssuedTo_OtherCollFeeYes" time="403.738" classname="com.carmensol.PartialDeductibleLossRecovery_IssuedTo_OtherCollFeeYes_11708"/>
</testsuite> <!-- com.carmensol.PartialDeductibleLossRecovery_IssuedTo_OtherCollFeeYes_11708 -->
