<?xml version="1.0" encoding="UTF-8"?>
<!-- Generated by org.testng.reporters.JUnitReportReporter -->
<testsuite skipped="0" hostname="QTSITVDI0028" name="com.carmen.Sprint5.AddSpecialEventsScreenCancelButton_5670" tests="3" failures="0" timestamp="23 May 2019 11:04:31 GMT" time="109.356" errors="0">
  <testcase name="AddSpecialEventsScreenCancelButton_7082" time="39.071" classname="com.carmen.Sprint5.AddSpecialEventsScreenCancelButton_5670"/>
  <testcase name="AddSpecialEventsScreenCancelButton_7086" time="35.432" classname="com.carmen.Sprint5.AddSpecialEventsScreenCancelButton_5670"/>
  <testcase name="AddSpecialEventsScreenCancelButton_7081" time="34.853" classname="com.carmen.Sprint5.AddSpecialEventsScreenCancelButton_5670"/>
</testsuite> <!-- com.carmen.Sprint5.AddSpecialEventsScreenCancelButton_5670 -->
