<?xml version="1.0" encoding="UTF-8"?>
<!-- Generated by org.testng.reporters.JUnitReportReporter -->
<testsuite skipped="0" hostname="QTSITVDI0028" name="com.carmen.Sprint5.SchedulesDetailScreenResetButton_5622" tests="1" failures="0" timestamp="23 May 2019 10:27:30 GMT" time="69.365" errors="0">
  <testcase name="SchedulesDetailScreenResetButton_6930" time="69.365" classname="com.carmen.Sprint5.SchedulesDetailScreenResetButton_5622"/>
</testsuite> <!-- com.carmen.Sprint5.SchedulesDetailScreenResetButton_5622 -->
