<?xml version="1.0" encoding="UTF-8"?>
<!-- Generated by org.testng.reporters.JUnitReportReporter -->
<testsuite skipped="0" hostname="QTSITVDI0028" name="com.carmen.Sprint5.AddPartiesScreenVerificationNamesforDuplicateTableEntries_6077" tests="2" failures="0" timestamp="23 May 2019 11:04:31 GMT" time="81.833" errors="0">
  <testcase name="AddPartiesScreenVerificationNamesforDuplicateTableEntries_7229" time="43.002" classname="com.carmen.Sprint5.AddPartiesScreenVerificationNamesforDuplicateTableEntries_6077"/>
  <testcase name="AddPartiesScreenVerificationNamesforDuplicateTableEntries_7228" time="38.831" classname="com.carmen.Sprint5.AddPartiesScreenVerificationNamesforDuplicateTableEntries_6077"/>
</testsuite> <!-- com.carmen.Sprint5.AddPartiesScreenVerificationNamesforDuplicateTableEntries_6077 -->
