<?xml version="1.0" encoding="UTF-8"?>
<!-- Generated by org.testng.reporters.JUnitReportReporter -->
<testsuite skipped="0" hostname="QTSITVDI0028" name="com.carmensol.RecoverableAdjustmentTransaction_OpenDed_Loss_Rec_11699" tests="1" failures="0" timestamp="15 Feb 2019 10:02:39 GMT" time="58.102" errors="0">
  <testcase name="Test_RecoverableAdjustmentTransaction_OpenDed_Loss_Rec" time="58.102" classname="com.carmensol.RecoverableAdjustmentTransaction_OpenDed_Loss_Rec_11699"/>
</testsuite> <!-- com.carmensol.RecoverableAdjustmentTransaction_OpenDed_Loss_Rec_11699 -->
