<?xml version="1.0" encoding="UTF-8"?>
<!-- Generated by org.testng.reporters.JUnitReportReporter -->
<testsuite skipped="0" hostname="QTSITVDI0028" name="com.carmen.Sprint5.SchedulesDetailScreenSchedulesDetailTable_5623" tests="1" failures="0" timestamp="23 May 2019 10:27:30 GMT" time="48.727" errors="0">
  <testcase name="SchedulesDetailScreenSchedulesDetailTable_6932" time="48.727" classname="com.carmen.Sprint5.SchedulesDetailScreenSchedulesDetailTable_5623"/>
</testsuite> <!-- com.carmen.Sprint5.SchedulesDetailScreenSchedulesDetailTable_5623 -->
