<?xml version="1.0" encoding="UTF-8"?>
<!-- Generated by org.testng.reporters.JUnitReportReporter -->
<testsuite skipped="0" hostname="QTSITVDI0028" name="com.carmen.Sprint2.CDSClose_362" tests="3" failures="0" timestamp="25 Mar 2019 11:42:34 GMT" time="105.769" errors="0">
  <testcase name="CDSClose_4468" time="30.915" classname="com.carmen.Sprint2.CDSClose_362"/>
  <testcase name="CDSClose_4469" time="40.608" classname="com.carmen.Sprint2.CDSClose_362"/>
  <testcase name="CDSClose_4470" time="34.246" classname="com.carmen.Sprint2.CDSClose_362"/>
</testsuite> <!-- com.carmen.Sprint2.CDSClose_362 -->
