<?xml version="1.0" encoding="UTF-8"?>
<!-- Generated by org.testng.reporters.JUnitReportReporter -->
<testsuite skipped="0" hostname="QTSITVDI0028" name="com.carmen.Sprint2.UnitsDetailScreenCloseButton_358" tests="2" failures="0" timestamp="23 May 2019 09:43:13 GMT" time="43.986" errors="0">
  <testcase name="UnitsDetailScreenCloseButton_3872" time="21.580" classname="com.carmen.Sprint2.UnitsDetailScreenCloseButton_358"/>
  <testcase name="UnitsDetailScreenCloseButton_3873" time="22.406" classname="com.carmen.Sprint2.UnitsDetailScreenCloseButton_358"/>
</testsuite> <!-- com.carmen.Sprint2.UnitsDetailScreenCloseButton_358 -->
