<?xml version="1.0" encoding="UTF-8"?>
<!-- Generated by org.testng.reporters.JUnitReportReporter -->
<testsuite skipped="0" hostname="QTSITVDI0028" name="com.carmen.voids.TransHxResultFunctionsCreditAvailableFunctions_10491" tests="1" failures="0" timestamp="14 Feb 2019 12:17:12 GMT" time="16.990" errors="0">
  <testcase name="TransHxResultFunctionsCreditAvailableFunctions10491" time="16.990" classname="com.carmen.voids.TransHxResultFunctionsCreditAvailableFunctions_10491"/>
</testsuite> <!-- com.carmen.voids.TransHxResultFunctionsCreditAvailableFunctions_10491 -->
