<?xml version="1.0" encoding="UTF-8"?>
<!-- Generated by org.testng.reporters.JUnitReportReporter -->
<testsuite skipped="0" hostname="QTSITVDI0028" name="com.carmen.Sprint2.LOBUnitSaveButton_197" tests="3" failures="0" timestamp="23 May 2019 08:42:52 GMT" time="99.167" errors="0">
  <testcase name="LOBUnitSaveButton_3725" time="19.288" classname="com.carmen.Sprint2.LOBUnitSaveButton_197"/>
  <testcase name="LOBUnitSaveButton_3728" time="23.427" classname="com.carmen.Sprint2.LOBUnitSaveButton_197"/>
  <testcase name="LOBUnitSaveButton_3730" time="56.452" classname="com.carmen.Sprint2.LOBUnitSaveButton_197"/>
</testsuite> <!-- com.carmen.Sprint2.LOBUnitSaveButton_197 -->
