<?xml version="1.0" encoding="UTF-8"?>
<!-- Generated by org.testng.reporters.JUnitReportReporter -->
<testsuite skipped="0" hostname="QTSITVDI0028" name="com.carmen.Sprint5.AddSpecialEventsScreenToField_5682" tests="1" failures="0" timestamp="23 May 2019 11:04:31 GMT" time="36.772" errors="0">
  <testcase name="AddSpecialEventsScreenToField_7120" time="36.772" classname="com.carmen.Sprint5.AddSpecialEventsScreenToField_5682"/>
</testsuite> <!-- com.carmen.Sprint5.AddSpecialEventsScreenToField_5682 -->
