<?xml version="1.0" encoding="UTF-8"?>
<!-- Generated by org.testng.reporters.JUnitReportReporter -->
<testsuite skipped="0" hostname="QTSITVDI0028" name="com.carmen.CopyCLaim.CalimInvalidNumber_4687" tests="1" failures="0" timestamp="15 Feb 2019 11:16:29 GMT" time="14.274" errors="0">
  <testcase name="CalimInvalidNumber4687" time="14.274" classname="com.carmen.CopyCLaim.CalimInvalidNumber_4687"/>
</testsuite> <!-- com.carmen.CopyCLaim.CalimInvalidNumber_4687 -->
