<?xml version="1.0" encoding="UTF-8"?>
<!-- Generated by org.testng.reporters.JUnitReportReporter -->
<testsuite skipped="0" hostname="QTSITVDI0028" name="com.carmen.CopyCLaim.CopyClaimStatusHistory_4886" tests="1" failures="0" timestamp="15 Feb 2019 11:16:29 GMT" time="33.619" errors="0">
  <testcase name="CopyClaimStatusHistory4886" time="33.619" classname="com.carmen.CopyCLaim.CopyClaimStatusHistory_4886"/>
</testsuite> <!-- com.carmen.CopyCLaim.CopyClaimStatusHistory_4886 -->
