<?xml version="1.0" encoding="UTF-8"?>
<!-- Generated by org.testng.reporters.JUnitReportReporter -->
<testsuite skipped="0" hostname="QTSITVDI0028" name="com.Breeze.IndemnityMedical_SC" tests="1" failures="0" timestamp="15 Oct 2019 07:48:17 GMT" time="323.087" errors="0">
  <testcase name="IndemnityMedical_SC_Claim" time="323.087" classname="com.Breeze.IndemnityMedical_SC"/>
</testsuite> <!-- com.Breeze.IndemnityMedical_SC -->
