<?xml version="1.0" encoding="UTF-8"?>
<!-- Generated by org.testng.reporters.JUnitReportReporter -->
<testsuite skipped="0" hostname="QTSITVDI0028" name="com.carmen.Sprint5.SchedulesDetailScreenItemDetailSections_5632" tests="1" failures="0" timestamp="23 May 2019 10:27:30 GMT" time="53.528" errors="0">
  <testcase name="SchedulesDetailScreenItemDetailSections_6965" time="53.528" classname="com.carmen.Sprint5.SchedulesDetailScreenItemDetailSections_5632"/>
</testsuite> <!-- com.carmen.Sprint5.SchedulesDetailScreenItemDetailSections_5632 -->
