<?xml version="1.0" encoding="UTF-8"?>
<!-- Generated by org.testng.reporters.JUnitReportReporter -->
<testsuite skipped="0" hostname="QTSITVDI0028" name="com.carmen.CopyCLaim.MCIAssignExistingClaim_5202" tests="1" failures="0" timestamp="15 Feb 2019 11:16:29 GMT" time="14.910" errors="0">
  <testcase name="MCIAssignExistingClaim5202" time="14.910" classname="com.carmen.CopyCLaim.MCIAssignExistingClaim_5202"/>
</testsuite> <!-- com.carmen.CopyCLaim.MCIAssignExistingClaim_5202 -->
