<?xml version="1.0" encoding="UTF-8"?>
<!-- Generated by org.testng.reporters.JUnitReportReporter -->
<testsuite skipped="0" hostname="QTSITVDI0028" name="com.carmen.Sprint2.SuspendNewBusiness_136" tests="2" failures="0" timestamp="15 Apr 2019 11:33:36 GMT" time="117.170" errors="0">
  <testcase name="SuspendNewBusiness_2217" time="39.882" classname="com.carmen.Sprint2.SuspendNewBusiness_136"/>
  <testcase name="SuspendNewBusiness_2221" time="77.288" classname="com.carmen.Sprint2.SuspendNewBusiness_136"/>
</testsuite> <!-- com.carmen.Sprint2.SuspendNewBusiness_136 -->
