<?xml version="1.0" encoding="UTF-8"?>
<!-- Generated by org.testng.reporters.JUnitReportReporter -->
<testsuite skipped="0" hostname="QTSITVDI0028" name="com.carmen.Sprint2.AddNewCoverage_243" tests="2" failures="0" timestamp="23 May 2019 09:26:07 GMT" time="51.098" errors="0">
  <testcase name="AddNewCoverage_4333" time="21.800" classname="com.carmen.Sprint2.AddNewCoverage_243"/>
  <testcase name="AddNewCoverage_4331" time="29.298" classname="com.carmen.Sprint2.AddNewCoverage_243"/>
</testsuite> <!-- com.carmen.Sprint2.AddNewCoverage_243 -->
