<?xml version="1.0" encoding="UTF-8"?>
<!-- Generated by org.testng.reporters.JUnitReportReporter -->
<testsuite skipped="0" hostname="QTSITVDI0028" name="com.carmensol.Test_RecoveryPayment_RecoveryType_Supplemental_11698" tests="1" failures="0" timestamp="15 Feb 2019 10:02:39 GMT" time="76.452" errors="0">
  <testcase name="Test_RecoveryPayment_RecoveryType_Supplemental11698" time="76.452" classname="com.carmensol.Test_RecoveryPayment_RecoveryType_Supplemental_11698"/>
</testsuite> <!-- com.carmensol.Test_RecoveryPayment_RecoveryType_Supplemental_11698 -->
