<?xml version="1.0" encoding="UTF-8"?>
<!-- Generated by org.testng.reporters.JUnitReportReporter -->
<testsuite skipped="1" hostname="QTSITVDI0028" name="com.carmensol.TransactionHistoryFiltersTransactionType_6288" tests="1" failures="0" timestamp="03 Jan 2019 10:37:32 GMT" time="0.000" errors="0">
  <testcase name="TransactionHistoryFiltersTransactionTypeSearchReserveAdjustmentsAndPayments_9610" time="0.000" classname="com.carmensol.TransactionHistoryFiltersTransactionType_6288">
    <skipped/>
  </testcase> <!-- TransactionHistoryFiltersTransactionTypeSearchReserveAdjustmentsAndPayments_9610 -->
</testsuite> <!-- com.carmensol.TransactionHistoryFiltersTransactionType_6288 -->
