<?xml version="1.0" encoding="UTF-8"?>
<!-- Generated by org.testng.reporters.JUnitReportReporter -->
<testsuite skipped="0" hostname="QTSITVDI0028" name="com.carmen.Sprint2.TaxFeeDetailSectionPolicyTaxFee_399" tests="3" failures="0" timestamp="23 May 2019 09:43:13 GMT" time="93.757" errors="0">
  <testcase name="TaxFeeDetailSectionPolicyTaxFee_4750" time="30.285" classname="com.carmen.Sprint2.TaxFeeDetailSectionPolicyTaxFee_399"/>
  <testcase name="TaxFeeDetailSectionPolicyTaxFee_4742" time="29.668" classname="com.carmen.Sprint2.TaxFeeDetailSectionPolicyTaxFee_399"/>
  <testcase name="TaxFeeDetailSectionPolicyTaxFee_4744" time="33.804" classname="com.carmen.Sprint2.TaxFeeDetailSectionPolicyTaxFee_399"/>
</testsuite> <!-- com.carmen.Sprint2.TaxFeeDetailSectionPolicyTaxFee_399 -->
