<?xml version="1.0" encoding="UTF-8"?>
<!-- Generated by org.testng.reporters.JUnitReportReporter -->
<testsuite skipped="0" hostname="QTSITVDI0028" name="com.carmensol.SuspendNewBusiness_136" tests="2" failures="0" timestamp="23 May 2019 08:13:19 GMT" time="89.528" errors="0">
  <testcase name="SuspendNewBusiness_2217" time="26.837" classname="com.carmensol.SuspendNewBusiness_136"/>
  <testcase name="SuspendNewBusiness_2221" time="62.691" classname="com.carmensol.SuspendNewBusiness_136"/>
</testsuite> <!-- com.carmensol.SuspendNewBusiness_136 -->
