<?xml version="1.0" encoding="UTF-8"?>
<!-- Generated by org.testng.reporters.JUnitReportReporter -->
<testsuite skipped="0" hostname="QTSITVDI0028" name="com.carmen.Sprint2.CLMSearchButton_417" tests="2" failures="0" timestamp="23 May 2019 09:43:13 GMT" time="49.933" errors="0">
  <testcase name="CLMSearchButton_2416" time="22.810" classname="com.carmen.Sprint2.CLMSearchButton_417"/>
  <testcase name="CLMSearchButton_2419" time="27.123" classname="com.carmen.Sprint2.CLMSearchButton_417"/>
</testsuite> <!-- com.carmen.Sprint2.CLMSearchButton_417 -->
