<?xml version="1.0" encoding="UTF-8"?>
<!-- Generated by org.testng.reporters.JUnitReportReporter -->
<testsuite skipped="0" hostname="QTSITVDI0028" name="com.carmensol.PartialSalvageLossRecovery_IssuedTo_CollectionAgency_11709" tests="1" failures="0" timestamp="15 Feb 2019 10:02:39 GMT" time="49.756" errors="0">
  <testcase name="Test_PartialSalvageLossRecovery_IssuedTo_CollectionAgency" time="49.756" classname="com.carmensol.PartialSalvageLossRecovery_IssuedTo_CollectionAgency_11709"/>
</testsuite> <!-- com.carmensol.PartialSalvageLossRecovery_IssuedTo_CollectionAgency_11709 -->
