<?xml version="1.0" encoding="UTF-8"?>
<!-- Generated by org.testng.reporters.JUnitReportReporter -->
<testsuite skipped="0" hostname="QTSITVDI0028" name="com.carmen.ChangeClaim.ChangeOccClaim_3999_4000_4001" tests="1" failures="0" timestamp="18 Feb 2019 10:30:12 GMT" time="24.705" errors="0">
  <testcase name="ChangeOccClaim_3999_4000_4001_3Testcases" time="24.705" classname="com.carmen.ChangeClaim.ChangeOccClaim_3999_4000_4001"/>
</testsuite> <!-- com.carmen.ChangeClaim.ChangeOccClaim_3999_4000_4001 -->
