<?xml version="1.0" encoding="UTF-8"?>
<!-- Generated by org.testng.reporters.JUnitReportReporter -->
<testsuite skipped="0" hostname="QTSITVDI0028" name="com.carmen.Sprint5.SchedulesDetailScreenCloseButton_5621" tests="3" failures="0" timestamp="23 May 2019 10:27:30 GMT" time="152.989" errors="0">
  <testcase name="SchedulesDetailScreenCloseButton_6919" time="54.307" classname="com.carmen.Sprint5.SchedulesDetailScreenCloseButton_5621"/>
  <testcase name="SchedulesDetailScreenCloseButton_6923" time="52.294" classname="com.carmen.Sprint5.SchedulesDetailScreenCloseButton_5621"/>
  <testcase name="SchedulesDetailScreenCloseButton_6920" time="46.388" classname="com.carmen.Sprint5.SchedulesDetailScreenCloseButton_5621"/>
</testsuite> <!-- com.carmen.Sprint5.SchedulesDetailScreenCloseButton_5621 -->
