<?xml version="1.0" encoding="UTF-8"?>
<!-- Generated by org.testng.reporters.JUnitReportReporter -->
<testsuite skipped="0" hostname="QTSITVDI0028" name="com.carmen.Sprint2.TaxFeeDetailSectionSave_413" tests="1" failures="0" timestamp="23 May 2019 09:26:08 GMT" time="32.540" errors="0">
  <testcase name="TaxFeeDetailSectionSave_4482" time="32.540" classname="com.carmen.Sprint2.TaxFeeDetailSectionSave_413"/>
</testsuite> <!-- com.carmen.Sprint2.TaxFeeDetailSectionSave_413 -->
