<?xml version="1.0" encoding="UTF-8"?>
<!-- Generated by org.testng.reporters.JUnitReportReporter -->
<testsuite skipped="0" hostname="QTSITVDI0028" name="com.carmensol.SavePolicy_133" tests="3" failures="0" timestamp="23 May 2019 08:13:19 GMT" time="124.295" errors="0">
  <testcase name="SavePolicy_2207" time="27.029" classname="com.carmensol.SavePolicy_133"/>
  <testcase name="SavePolicy_2211" time="59.207" classname="com.carmensol.SavePolicy_133"/>
  <testcase name="SavePolicy_2216" time="38.059" classname="com.carmensol.SavePolicy_133"/>
</testsuite> <!-- com.carmensol.SavePolicy_133 -->
