<?xml version="1.0" encoding="UTF-8"?>
<!-- Generated by org.testng.reporters.JUnitReportReporter -->
<testsuite skipped="0" hostname="QTSITVDI0028" name="com.carmensol.ClosePolicy_138" tests="1" failures="0" timestamp="23 May 2019 08:13:19 GMT" time="24.007" errors="0">
  <testcase name="ClosePolicy_2226" time="24.007" classname="com.carmensol.ClosePolicy_138"/>
</testsuite> <!-- com.carmensol.ClosePolicy_138 -->
