<?xml version="1.0" encoding="UTF-8"?>
<!-- Generated by org.testng.reporters.JUnitReportReporter -->
<testsuite skipped="0" hostname="QTSITVDI0028" name="com.carmen.voids.MCIResultsViewEdit_10708" tests="1" failures="0" timestamp="14 Feb 2019 12:17:12 GMT" time="14.929" errors="0">
  <testcase name="MCIResultsViewEdit10708" time="14.929" classname="com.carmen.voids.MCIResultsViewEdit_10708"/>
</testsuite> <!-- com.carmen.voids.MCIResultsViewEdit_10708 -->
