<?xml version="1.0" encoding="UTF-8"?>
<!-- Generated by org.testng.reporters.JUnitReportReporter -->
<testsuite skipped="0" hostname="QTSITVDI0028" name="com.carmen.Sprint4.PolicyFormResultsTableFormEffectiveDate_2118" tests="1" failures="0" timestamp="23 May 2019 10:07:10 GMT" time="36.346" errors="0">
  <testcase name="PolicyFormResultsTableFormEffectiveDate_5085" time="36.346" classname="com.carmen.Sprint4.PolicyFormResultsTableFormEffectiveDate_2118"/>
</testsuite> <!-- com.carmen.Sprint4.PolicyFormResultsTableFormEffectiveDate_2118 -->
