<?xml version="1.0" encoding="UTF-8"?>
<!-- Generated by org.testng.reporters.JUnitReportReporter -->
<testsuite skipped="0" hostname="QTSITVDI0028" name="com.carmen.Sprint2.Sprint2ClosePolicy_1065" tests="2" failures="0" timestamp="23 May 2019 09:43:13 GMT" time="43.682" errors="0">
  <testcase name="Sprint2ClosePolicy_4787" time="22.701" classname="com.carmen.Sprint2.Sprint2ClosePolicy_1065"/>
  <testcase name="Sprint2ClosePolicy_4789" time="20.981" classname="com.carmen.Sprint2.Sprint2ClosePolicy_1065"/>
</testsuite> <!-- com.carmen.Sprint2.Sprint2ClosePolicy_1065 -->
