<?xml version="1.0" encoding="UTF-8"?>
<!-- Generated by org.testng.reporters.JUnitReportReporter -->
<testsuite skipped="0" hostname="QTSITVDI0028" name="com.carmen.Sprint2.ClassCode_250" tests="2" failures="0" timestamp="23 May 2019 09:26:07 GMT" time="110.248" errors="0">
  <testcase name="ClassCode_4423" time="53.979" classname="com.carmen.Sprint2.ClassCode_250"/>
  <testcase name="ClassCode_4424" time="56.269" classname="com.carmen.Sprint2.ClassCode_250"/>
</testsuite> <!-- com.carmen.Sprint2.ClassCode_250 -->
