<?xml version="1.0" encoding="UTF-8"?>
<!-- Generated by org.testng.reporters.JUnitReportReporter -->
<testsuite skipped="0" hostname="QTSITVDI0028" name="com.carmensol.PolicyIDTermSubmission_9" tests="7" failures="0" timestamp="23 May 2019 08:13:19 GMT" time="135.521" errors="0">
  <testcase name="PolicyIDTermSubmission_608" time="12.582" classname="com.carmensol.PolicyIDTermSubmission_9"/>
  <testcase name="PolicyIDTermSubmission_602" time="13.467" classname="com.carmensol.PolicyIDTermSubmission_9"/>
  <testcase name="PolicyIDTermSubmission_604" time="14.951" classname="com.carmensol.PolicyIDTermSubmission_9"/>
  <testcase name="PolicyIDTermSubmission_610" time="13.343" classname="com.carmensol.PolicyIDTermSubmission_9"/>
  <testcase name="PolicyIDTermSubmission_613" time="17.938" classname="com.carmensol.PolicyIDTermSubmission_9"/>
  <testcase name="PolicyIDTermSubmission_653" time="43.423" classname="com.carmensol.PolicyIDTermSubmission_9"/>
  <testcase name="PolicyIDTermSubmission_614" time="19.817" classname="com.carmensol.PolicyIDTermSubmission_9"/>
</testsuite> <!-- com.carmensol.PolicyIDTermSubmission_9 -->
