<?xml version="1.0" encoding="UTF-8"?>
<!-- Generated by org.testng.reporters.JUnitReportReporter -->
<testsuite skipped="0" hostname="QTSITVDI0028" name="com.carmen.Sprint5.AddSpecialEventsSectionUploadListButton_5676" tests="1" failures="0" timestamp="23 May 2019 11:04:31 GMT" time="41.999" errors="0">
  <testcase name="AddSpecialEventsSectionUploadListButton_7274" time="41.999" classname="com.carmen.Sprint5.AddSpecialEventsSectionUploadListButton_5676"/>
</testsuite> <!-- com.carmen.Sprint5.AddSpecialEventsSectionUploadListButton_5676 -->
