<?xml version="1.0" encoding="UTF-8"?>
<!-- Generated by org.testng.reporters.JUnitReportReporter -->
<testsuite skipped="0" hostname="QTSITVDI0028" name="com.carmen.Sprint2.CLMManualSearchScreenCloseButton_420" tests="1" failures="0" timestamp="23 May 2019 09:43:13 GMT" time="22.766" errors="0">
  <testcase name="CLMManualSearchScreenCloseButton_2427" time="22.766" classname="com.carmen.Sprint2.CLMManualSearchScreenCloseButton_420"/>
</testsuite> <!-- com.carmen.Sprint2.CLMManualSearchScreenCloseButton_420 -->
