<?xml version="1.0" encoding="UTF-8"?>
<!-- Generated by org.testng.reporters.JUnitReportReporter -->
<testsuite skipped="0" hostname="QTSITVDI0028" name="com.carmen.Sprint5.AddNewEventSectionNameEventField_5683" tests="1" failures="0" timestamp="23 May 2019 11:26:23 GMT" time="37.998" errors="0">
  <testcase name="AddNewEventSectionNameEventField_7130" time="37.998" classname="com.carmen.Sprint5.AddNewEventSectionNameEventField_5683"/>
</testsuite> <!-- com.carmen.Sprint5.AddNewEventSectionNameEventField_5683 -->
