<?xml version="1.0" encoding="UTF-8"?>
<!-- Generated by org.testng.reporters.JUnitReportReporter -->
<testsuite skipped="0" hostname="QTSITVDI0028" name="com.carmen.Sprint2.CommissionOverrideRateField_695" tests="3" failures="0" timestamp="23 May 2019 08:42:52 GMT" time="99.731" errors="0">
  <testcase name="CommissionOverrideRateField_4935" time="33.170" classname="com.carmen.Sprint2.CommissionOverrideRateField_695"/>
  <testcase name="CommissionOverrideRateField_4936" time="42.218" classname="com.carmen.Sprint2.CommissionOverrideRateField_695"/>
  <testcase name="CommissionOverrideRateField_4932" time="24.343" classname="com.carmen.Sprint2.CommissionOverrideRateField_695"/>
</testsuite> <!-- com.carmen.Sprint2.CommissionOverrideRateField_695 -->
