<?xml version="1.0" encoding="UTF-8"?>
<!-- Generated by org.testng.reporters.JUnitReportReporter -->
<testsuite skipped="0" hostname="QTSITVDI0028" name="com.carmen.Sprint5.UploadSchedulesPartiesUploadListButton_5700" tests="2" failures="0" timestamp="23 May 2019 11:04:31 GMT" time="79.694" errors="0">
  <testcase name="UploadSchedulesPartiesUploadListButton_7306" time="37.788" classname="com.carmen.Sprint5.UploadSchedulesPartiesUploadListButton_5700"/>
  <testcase name="UploadSchedulesPartiesUploadListButton_7308" time="41.906" classname="com.carmen.Sprint5.UploadSchedulesPartiesUploadListButton_5700"/>
</testsuite> <!-- com.carmen.Sprint5.UploadSchedulesPartiesUploadListButton_5700 -->
