<?xml version="1.0" encoding="UTF-8"?>
<!-- Generated by org.testng.reporters.JUnitReportReporter -->
<testsuite skipped="0" hostname="QTSITVDI0028" name="com.carmen.Sprint4.PolicylevelSaveValidation_5094" tests="1" failures="0" timestamp="25 Apr 2019 11:20:44 GMT" time="16.456" errors="1">
  <testcase name="PolicyFormResultsTableASLSubline_5138" time="16.456" classname="com.carmen.Sprint4.PolicylevelSaveValidation_5094">
    <error type="java.lang.Error" message="The following element is not clickable: [[[ChromeDriver: chrome on XP (e1f14e431000d05c0fea3b6cd5fea6a0)] -&gt; xpath: //*[@id=&quot;NPS_NavigationTabs&quot;]/div/ul/li[3]/ul/li/a]]">
      <![CDATA[java.lang.Error: The following element is not clickable: [[[ChromeDriver: chrome on XP (e1f14e431000d05c0fea3b6cd5fea6a0)] -> xpath: //*[@id="NPS_NavigationTabs"]/div/ul/li[3]/ul/li/a]]
at com.carmensol.utilities.utility1.click(utility1.java:491)
at com.carmensol.pages.PolicyUnits.ClickAddBusinessLine(PolicyUnits.java:106)
at com.carmen.Sprint4.PolicylevelSaveValidation_5094.PolicyFormResultsTableASLSubline_5138(PolicylevelSaveValidation_5094.java:101)
at sun.reflect.NativeMethodAccessorImpl.invoke0(Native Method)
at sun.reflect.NativeMethodAccessorImpl.invoke(Unknown Source)
at sun.reflect.DelegatingMethodAccessorImpl.invoke(Unknown Source)
at java.lang.reflect.Method.invoke(Unknown Source)
at org.testng.internal.MethodInvocationHelper.invokeMethod(MethodInvocationHelper.java:124)
at org.testng.internal.Invoker.invokeMethod(Invoker.java:580)
at org.testng.internal.Invoker.invokeTestMethod(Invoker.java:716)
at org.testng.internal.Invoker.invokeTestMethods(Invoker.java:988)
at org.testng.internal.TestMethodWorker.invokeTestMethods(TestMethodWorker.java:125)
at org.testng.internal.TestMethodWorker.run(TestMethodWorker.java:109)
at org.testng.TestRunner.privateRun(TestRunner.java:648)
at org.testng.TestRunner.run(TestRunner.java:505)
at org.testng.SuiteRunner.runTest(SuiteRunner.java:455)
at org.testng.SuiteRunner.runSequentially(SuiteRunner.java:450)
at org.testng.SuiteRunner.privateRun(SuiteRunner.java:415)
at org.testng.SuiteRunner.run(SuiteRunner.java:364)
at org.testng.SuiteRunnerWorker.runSuite(SuiteRunnerWorker.java:52)
at org.testng.SuiteRunnerWorker.run(SuiteRunnerWorker.java:84)
at org.testng.TestNG.runSuitesSequentially(TestNG.java:1208)
at org.testng.TestNG.runSuitesLocally(TestNG.java:1137)
at org.testng.TestNG.runSuites(TestNG.java:1049)
at org.testng.TestNG.run(TestNG.java:1017)
at org.testng.remote.AbstractRemoteTestNG.run(AbstractRemoteTestNG.java:114)
at org.testng.remote.RemoteTestNG.initAndRun(RemoteTestNG.java:251)
at org.testng.remote.RemoteTestNG.main(RemoteTestNG.java:77)
]]>
    </error>
  </testcase> <!-- PolicyFormResultsTableASLSubline_5138 -->
</testsuite> <!-- com.carmen.Sprint4.PolicylevelSaveValidation_5094 -->
