<?xml version="1.0" encoding="UTF-8"?>
<!-- Generated by org.testng.reporters.JUnitReportReporter -->
<testsuite skipped="0" hostname="QTSITVDI0028" name="com.carmen.Sprint2.PolicyDetailScreenCancel_5181" tests="2" failures="0" timestamp="23 May 2019 09:26:07 GMT" time="58.592" errors="0">
  <testcase name="PolicyDetailScreenCancel_5328" time="25.686" classname="com.carmen.Sprint2.PolicyDetailScreenCancel_5181"/>
  <testcase name="PolicyDetailScreenCancel_5325" time="32.906" classname="com.carmen.Sprint2.PolicyDetailScreenCancel_5181"/>
</testsuite> <!-- com.carmen.Sprint2.PolicyDetailScreenCancel_5181 -->
