<?xml version="1.0" encoding="UTF-8"?>
<!-- Generated by org.testng.reporters.JUnitReportReporter -->
<testsuite skipped="0" hostname="QTSITVDI0028" name="com.carmen.Sprint2.PolicyLimitsCarrierTableDeleteButton_641" tests="2" failures="0" timestamp="23 May 2019 09:43:13 GMT" time="70.744" errors="0">
  <testcase name="PolicyLimitsCarrierTableDeleteButton_2511" time="33.716" classname="com.carmen.Sprint2.PolicyLimitsCarrierTableDeleteButton_641"/>
  <testcase name="PolicyLimitsCarrierTableDeleteButton_2510" time="37.028" classname="com.carmen.Sprint2.PolicyLimitsCarrierTableDeleteButton_641"/>
</testsuite> <!-- com.carmen.Sprint2.PolicyLimitsCarrierTableDeleteButton_641 -->
