<?xml version="1.0" encoding="UTF-8"?>
<!-- Generated by org.testng.reporters.JUnitReportReporter -->
<testsuite skipped="0" hostname="QTSITVDI0028" name="com.carmensol.PartialSubrogationLossRecovery_IssuedTo_Other_11711" tests="1" failures="0" timestamp="15 Feb 2019 10:02:39 GMT" time="48.304" errors="0">
  <testcase name="Test_PartialSubrogationLossRecovery_IssuedTo_Other_11711" time="48.304" classname="com.carmensol.PartialSubrogationLossRecovery_IssuedTo_Other_11711"/>
</testsuite> <!-- com.carmensol.PartialSubrogationLossRecovery_IssuedTo_Other_11711 -->
