<?xml version="1.0" encoding="UTF-8"?>
<!-- Generated by org.testng.reporters.JUnitReportReporter -->
<testsuite skipped="0" hostname="QTSITVDI0028" name="com.carmen.Sprint2.AddCoverageUnitSave_202" tests="2" failures="0" timestamp="23 May 2019 09:26:07 GMT" time="45.590" errors="0">
  <testcase name="SaveAddAnotherUnitButtonNewBusinessPolicy_3803" time="21.179" classname="com.carmen.Sprint2.AddCoverageUnitSave_202"/>
  <testcase name="SaveAddAnotherUnitButtonNewBusinessPolicy_3806" time="24.411" classname="com.carmen.Sprint2.AddCoverageUnitSave_202"/>
</testsuite> <!-- com.carmen.Sprint2.AddCoverageUnitSave_202 -->
