<?xml version="1.0" encoding="UTF-8"?>
<!-- Generated by org.testng.reporters.JUnitReportReporter -->
<testsuite skipped="0" hostname="QTSITVDI0028" name="com.carmen.CopyCLaim.RelatedClaimLinkType_4890" tests="1" failures="0" timestamp="15 Feb 2019 11:16:29 GMT" time="20.976" errors="0">
  <testcase name="RelatedClaimLinkType4890" time="20.976" classname="com.carmen.CopyCLaim.RelatedClaimLinkType_4890"/>
</testsuite> <!-- com.carmen.CopyCLaim.RelatedClaimLinkType_4890 -->
