<?xml version="1.0" encoding="UTF-8"?>
<!-- Generated by org.testng.reporters.JUnitReportReporter -->
<testsuite skipped="0" hostname="QTSITVDI0028" name="com.carmen.ChangeClaim.TailDateAfterReportedDateSamePolicy_4422" tests="1" failures="0" timestamp="18 Feb 2019 10:30:12 GMT" time="19.225" errors="0">
  <testcase name="TailDateAfterReportedDateSamePolicy4422" time="19.225" classname="com.carmen.ChangeClaim.TailDateAfterReportedDateSamePolicy_4422"/>
</testsuite> <!-- com.carmen.ChangeClaim.TailDateAfterReportedDateSamePolicy_4422 -->
