<?xml version="1.0" encoding="UTF-8"?>
<!-- Generated by org.testng.reporters.JUnitReportReporter -->
<testsuite skipped="0" hostname="QTSITVDI0028" name="com.carmen.voids.VoidRecoveryPaymentfromDifferentUser_10770" tests="1" failures="0" timestamp="14 Feb 2019 12:17:12 GMT" time="35.071" errors="0">
  <testcase name="VoidRecoveryPaymentfromDifferentUser10770" time="35.071" classname="com.carmen.voids.VoidRecoveryPaymentfromDifferentUser_10770"/>
</testsuite> <!-- com.carmen.voids.VoidRecoveryPaymentfromDifferentUser_10770 -->
