<?xml version="1.0" encoding="UTF-8"?>
<!-- Generated by org.testng.reporters.JUnitReportReporter -->
<testsuite skipped="0" hostname="QTSITVDI0028" name="com.carmen.Sprint2.CoverageDetailClose_362" tests="3" failures="0" timestamp="23 May 2019 09:26:07 GMT" time="91.059" errors="0">
  <testcase name="CoverageDetailClose_4468" time="29.231" classname="com.carmen.Sprint2.CoverageDetailClose_362"/>
  <testcase name="CoverageDetailClose_4469" time="29.028" classname="com.carmen.Sprint2.CoverageDetailClose_362"/>
  <testcase name="CoverageDetailClose_4470" time="32.800" classname="com.carmen.Sprint2.CoverageDetailClose_362"/>
</testsuite> <!-- com.carmen.Sprint2.CoverageDetailClose_362 -->
