<?xml version="1.0" encoding="UTF-8"?>
<!-- Generated by org.testng.reporters.JUnitReportReporter -->
<testsuite skipped="0" hostname="QTSITVDI0028" name="com.carmen.voids.VoidStopPaymentCheckPrinted_10670" tests="1" failures="0" timestamp="14 Feb 2019 12:17:12 GMT" time="21.525" errors="0">
  <testcase name="VoidStopPaymentCheckPrinted10670" time="21.525" classname="com.carmen.voids.VoidStopPaymentCheckPrinted_10670"/>
</testsuite> <!-- com.carmen.voids.VoidStopPaymentCheckPrinted_10670 -->
