<?xml version="1.0" encoding="UTF-8"?>
<!-- Generated by org.testng.reporters.JUnitReportReporter -->
<testsuite skipped="0" hostname="QTSITVDI0028" name="com.carmen.voids.VoidPaymentCheckNotPrinted_10669" tests="1" failures="0" timestamp="14 Feb 2019 12:18:13 GMT" time="24.771" errors="0">
  <testcase name="VoidPaymentCheckNotPrinted10669" time="24.771" classname="com.carmen.voids.VoidPaymentCheckNotPrinted_10669"/>
</testsuite> <!-- com.carmen.voids.VoidPaymentCheckNotPrinted_10669 -->
