<?xml version="1.0" encoding="UTF-8"?>
<!-- Generated by org.testng.reporters.JUnitReportReporter -->
<testsuite skipped="0" hostname="QTSITVDI0028" name="com.carmensol.PartialContrib_OtherExpenseRecovery_IssuedTo_Claimant_CollFee_11715" tests="1" failures="0" timestamp="12 Feb 2019 11:18:35 GMT" time="105.649" errors="0">
  <testcase name="Test_FinalSalvageLossRecovery_IssuedTo_Claimant" time="105.649" classname="com.carmensol.PartialContrib_OtherExpenseRecovery_IssuedTo_Claimant_CollFee_11715"/>
</testsuite> <!-- com.carmensol.PartialContrib_OtherExpenseRecovery_IssuedTo_Claimant_CollFee_11715 -->
