<?xml version="1.0" encoding="UTF-8"?>
<!-- Generated by org.testng.reporters.JUnitReportReporter -->
<testsuite skipped="0" hostname="QTSITVDI0028" name="com.carmen.Sprint2.PolicyRenewalExpiringPolicyEdSelection_157" tests="6" failures="0" timestamp="16 Apr 2019 15:01:12 GMT" time="172.772" errors="0">
  <testcase name="PolicyRenewalExpiringPolicyEdSelection_973" time="46.457" classname="com.carmen.Sprint2.PolicyRenewalExpiringPolicyEdSelection_157"/>
  <testcase name="PolicyRenewalExpiringPolicyEdSelection_978" time="9.903" classname="com.carmen.Sprint2.PolicyRenewalExpiringPolicyEdSelection_157"/>
  <testcase name="PolicyRenewalExpiringPolicyEdSelection_979" time="11.347" classname="com.carmen.Sprint2.PolicyRenewalExpiringPolicyEdSelection_157"/>
  <testcase name="PolicyRenewalExpiringPolicyEdSelection_1045" time="47.745" classname="com.carmen.Sprint2.PolicyRenewalExpiringPolicyEdSelection_157"/>
  <testcase name="PolicyRenewalExpiringPolicyEdSelection_1051" time="48.525" classname="com.carmen.Sprint2.PolicyRenewalExpiringPolicyEdSelection_157"/>
  <testcase name="PolicyRenewalExpiringPolicyEdSelection_972" time="8.795" classname="com.carmen.Sprint2.PolicyRenewalExpiringPolicyEdSelection_157"/>
</testsuite> <!-- com.carmen.Sprint2.PolicyRenewalExpiringPolicyEdSelection_157 -->
