<?xml version="1.0" encoding="UTF-8"?>
<!-- Generated by org.testng.reporters.JUnitReportReporter -->
<testsuite skipped="0" hostname="QTSITVDI0028" name="com.carmen.voids.MciFilterSearch_10553" tests="1" failures="0" timestamp="14 Feb 2019 12:17:12 GMT" time="25.042" errors="0">
  <testcase name="MciFilterSearch10553" time="25.042" classname="com.carmen.voids.MciFilterSearch_10553"/>
</testsuite> <!-- com.carmen.voids.MciFilterSearch_10553 -->
