<?xml version="1.0" encoding="UTF-8"?>
<!-- Generated by org.testng.reporters.JUnitReportReporter -->
<testsuite skipped="0" hostname="QTSITVDI0028" name="com.carmen.Sprint2.CLMManualSearchClearButton_418" tests="1" failures="0" timestamp="23 May 2019 09:43:13 GMT" time="25.304" errors="0">
  <testcase name="CLMManualSearchClearButton_2422" time="25.304" classname="com.carmen.Sprint2.CLMManualSearchClearButton_418"/>
</testsuite> <!-- com.carmen.Sprint2.CLMManualSearchClearButton_418 -->
