<?xml version="1.0" encoding="UTF-8"?>
<!-- Generated by org.testng.reporters.JUnitReportReporter -->
<testsuite skipped="0" hostname="QTSITVDI0028" name="com.Breeze.IndemnityMedical_NJ5" tests="1" failures="0" timestamp="02 Mar 2020 16:51:46 GMT" time="515.895" errors="0">
  <testcase name="IndemnityMedical_NJ5_Claim" time="515.895" classname="com.Breeze.IndemnityMedical_NJ5"/>
</testsuite> <!-- com.Breeze.IndemnityMedical_NJ5 -->
