<?xml version="1.0" encoding="UTF-8"?>
<!-- Generated by org.testng.reporters.JUnitReportReporter -->
<testsuite skipped="0" hostname="QTSITVDI0028" name="com.Breeze.IndemnityMedical_SC2" tests="1" failures="0" timestamp="04 Mar 2020 10:46:59 GMT" time="521.676" errors="0">
  <testcase name="IndemnityMedical_SC2_Claim" time="521.676" classname="com.Breeze.IndemnityMedical_SC2"/>
</testsuite> <!-- com.Breeze.IndemnityMedical_SC2 -->
