<?xml version="1.0" encoding="UTF-8"?>
<!-- Generated by org.testng.reporters.JUnitReportReporter -->
<testsuite skipped="0" hostname="QTSITVDI0028" name="com.carmen.CopyCLaim.CopyClaim_16584" tests="1" failures="0" timestamp="15 Feb 2019 11:16:29 GMT" time="15.000" errors="0">
  <testcase name="CopyClaim16584" time="15.000" classname="com.carmen.CopyCLaim.CopyClaim_16584"/>
</testsuite> <!-- com.carmen.CopyCLaim.CopyClaim_16584 -->
