<?xml version="1.0" encoding="UTF-8"?>
<!-- Generated by org.testng.reporters.JUnitReportReporter -->
<testsuite skipped="0" hostname="QTSITVDI0028" name="com.carmen.Sprint5.SchedulesDetailTableDeleteButton_5625" tests="3" failures="0" timestamp="23 May 2019 10:27:30 GMT" time="172.476" errors="0">
  <testcase name="SchedulesDetailTableDeleteButton_6938" time="47.285" classname="com.carmen.Sprint5.SchedulesDetailTableDeleteButton_5625"/>
  <testcase name="SchedulesDetailTableDeleteButton_6944" time="71.216" classname="com.carmen.Sprint5.SchedulesDetailTableDeleteButton_5625"/>
  <testcase name="SchedulesDetailTableDeleteButton_6942" time="53.975" classname="com.carmen.Sprint5.SchedulesDetailTableDeleteButton_5625"/>
</testsuite> <!-- com.carmen.Sprint5.SchedulesDetailTableDeleteButton_5625 -->
