<?xml version="1.0" encoding="UTF-8"?>
<!-- Generated by org.testng.reporters.JUnitReportReporter -->
<testsuite skipped="0" hostname="QTSITVDI0028" name="com.carmen.Sprint5.AddSpecialEventsScreenEditUpdateButton_6067" tests="1" failures="0" timestamp="23 May 2019 11:04:31 GMT" time="34.598" errors="0">
  <testcase name="AddSpecialEventsScreenEditUpdateButton_7214" time="34.598" classname="com.carmen.Sprint5.AddSpecialEventsScreenEditUpdateButton_6067"/>
</testsuite> <!-- com.carmen.Sprint5.AddSpecialEventsScreenEditUpdateButton_6067 -->
