<?xml version="1.0" encoding="UTF-8"?>
<!-- Generated by org.testng.reporters.JUnitReportReporter -->
<testsuite skipped="0" hostname="QTSITVDI0028" name="com.carmen.voids.MCIResultsDeactivate_10709" tests="1" failures="0" timestamp="14 Feb 2019 12:17:12 GMT" time="15.264" errors="0">
  <testcase name="MCIResultsDeactivate10709" time="15.264" classname="com.carmen.voids.MCIResultsDeactivate_10709"/>
</testsuite> <!-- com.carmen.voids.MCIResultsDeactivate_10709 -->
