<?xml version="1.0" encoding="UTF-8"?>
<!-- Generated by org.testng.reporters.JUnitReportReporter -->
<testsuite skipped="0" hostname="QTSITVDI0028" name="com.carmen.Sprint2.CoverageDetailSave_361" tests="1" failures="0" timestamp="23 May 2019 09:26:07 GMT" time="33.038" errors="0">
  <testcase name="CoverageDetailSave_4466" time="33.038" classname="com.carmen.Sprint2.CoverageDetailSave_361"/>
</testsuite> <!-- com.carmen.Sprint2.CoverageDetailSave_361 -->
