<?xml version="1.0" encoding="UTF-8"?>
<!-- Generated by org.testng.reporters.JUnitReportReporter -->
<testsuite skipped="0" hostname="QTSITVDI0028" name="com.carmensol.PrimaryInsuredDetailDatabaseRecords_131" tests="3" failures="0" timestamp="23 May 2019 07:54:35 GMT" time="53.120" errors="0">
  <testcase name="PrimaryInsuredDetailDatabaseRecords_865_870_875" time="21.217" classname="com.carmensol.PrimaryInsuredDetailDatabaseRecords_131"/>
  <testcase name="PrimaryInsuredDetailDatabaseRecords_869" time="17.505" classname="com.carmensol.PrimaryInsuredDetailDatabaseRecords_131"/>
  <testcase name="PrimaryInsuredDetailDatabaseRecords_867" time="14.398" classname="com.carmensol.PrimaryInsuredDetailDatabaseRecords_131"/>
</testsuite> <!-- com.carmensol.PrimaryInsuredDetailDatabaseRecords_131 -->
