<?xml version="1.0" encoding="UTF-8"?>
<!-- Generated by org.testng.reporters.JUnitReportReporter -->
<testsuite skipped="0" hostname="QTSITVDI0028" name="com.Breeze.MedicalOnly_NC" tests="1" failures="0" timestamp="15 Oct 2019 07:18:33 GMT" time="378.495" errors="0">
  <testcase name="MedicalOnly_NC_Claim" time="378.495" classname="com.Breeze.MedicalOnly_NC"/>
</testsuite> <!-- com.Breeze.MedicalOnly_NC -->
