<?xml version="1.0" encoding="UTF-8"?>
<!-- Generated by org.testng.reporters.JUnitReportReporter -->
<testsuite skipped="0" hostname="QTSITVDI0028" name="com.carmen.voids.TransactionHistorySecurity_9519" tests="1" failures="0" timestamp="14 Feb 2019 12:17:12 GMT" time="20.730" errors="0">
  <testcase name="Accessing_Transaction_History_from_UnitFinancial_Detail_AsA_ClaimsManager_Edit_9519" time="20.730" classname="com.carmen.voids.TransactionHistorySecurity_9519"/>
</testsuite> <!-- com.carmen.voids.TransactionHistorySecurity_9519 -->
