<?xml version="1.0" encoding="UTF-8"?>
<!-- Generated by org.testng.reporters.JUnitReportReporter -->
<testsuite skipped="0" hostname="QTSITVDI0028" name="com.Spuds.ReferralFeature" tests="16" failures="0" timestamp="29 Jul 2019 08:20:57 GMT" time="988.118" errors="0">
  <testcase name="OpenDocumentRefferalScreen" time="19.312" classname="com.Spuds.ReferralFeature"/>
  <testcase name="DocumentDetailOnDocumentRefferalScreen" time="20.164" classname="com.Spuds.ReferralFeature"/>
  <testcase name="ColumnsDocumentGridOnDocumentRefferalScreen" time="19.540" classname="com.Spuds.ReferralFeature"/>
  <testcase name="AddAdditionalDocumentOnDocumentRefferalScreen" time="28.237" classname="com.Spuds.ReferralFeature"/>
  <testcase name="RemoveDocumentFromDocumentRefferalScreen" time="31.361" classname="com.Spuds.ReferralFeature"/>
  <testcase name="CreatingRefferalForDocument" time="28.147" classname="com.Spuds.ReferralFeature"/>
  <testcase name="CreateCloseRefferalDocumentScreen" time="21.767" classname="com.Spuds.ReferralFeature"/>
  <testcase name="AddingNotesToRefferal" time="22.728" classname="com.Spuds.ReferralFeature"/>
  <testcase name="EditNoteOnDocumentRefferalScreen" time="27.928" classname="com.Spuds.ReferralFeature"/>
  <testcase name="EditRefferalFromReferralWorkQueue" time="29.384" classname="com.Spuds.ReferralFeature"/>
  <testcase name="EditRefferalFromSubmissionDocumentsScreen" time="23.358" classname="com.Spuds.ReferralFeature"/>
  <testcase name="ChangingReferToFieldOnExistingReferral" time="475.485" classname="com.Spuds.ReferralFeature"/>
  <testcase name="MarkOriginalCompleteWhileChangingReferTo" time="124.595" classname="com.Spuds.ReferralFeature"/>
  <testcase name="MarkingReferralAsCompleted" time="51.964" classname="com.Spuds.ReferralFeature"/>
  <testcase name="MarkingReferralAsPending" time="42.872" classname="com.Spuds.ReferralFeature"/>
  <testcase name="MarkingCompletedPendingOnDocumentReferralHistoryScreen" time="21.276" classname="com.Spuds.ReferralFeature"/>
</testsuite> <!-- com.Spuds.ReferralFeature -->
