<?xml version="1.0" encoding="UTF-8"?>
<!-- Generated by org.testng.reporters.JUnitReportReporter -->
<testsuite skipped="0" hostname="QTSITVDI0028" name="com.carmensol.CreateClaimsSaveAndCreateAnotherClaimButton" tests="1" failures="0" timestamp="15 Feb 2019 10:02:39 GMT" time="99.349" errors="0">
  <testcase name="CreateClaimSaveAnother_2658To2697_6_SubTestCases" time="99.349" classname="com.carmensol.CreateClaimsSaveAndCreateAnotherClaimButton"/>
</testsuite> <!-- com.carmensol.CreateClaimsSaveAndCreateAnotherClaimButton -->
