<?xml version="1.0" encoding="UTF-8"?>
<!-- Generated by org.testng.reporters.JUnitReportReporter -->
<testsuite skipped="0" hostname="QTSITVDI0028" name="com.carmen.Sprint5.AddLocationsSectionUploadListButton_5648" tests="1" failures="0" timestamp="23 May 2019 11:04:31 GMT" time="38.668" errors="0">
  <testcase name="AddLocationsSectionUploadListButton_7263" time="38.668" classname="com.carmen.Sprint5.AddLocationsSectionUploadListButton_5648"/>
</testsuite> <!-- com.carmen.Sprint5.AddLocationsSectionUploadListButton_5648 -->
