<?xml version="1.0" encoding="UTF-8"?>
<!-- Generated by org.testng.reporters.JUnitReportReporter -->
<testsuite skipped="0" hostname="QTSITVDI0028" name="com.carmen.Sprint5.PartySearchScreenUpdateSearchResultsHeader_5698" tests="3" failures="0" timestamp="23 May 2019 11:04:31 GMT" time="100.397" errors="0">
  <testcase name="PartySearchScreenUpdateSearchResultsHeader_7162" time="35.709" classname="com.carmen.Sprint5.PartySearchScreenUpdateSearchResultsHeader_5698"/>
  <testcase name="PartySearchScreenUpdateSearchResultsHeader_7167" time="41.197" classname="com.carmen.Sprint5.PartySearchScreenUpdateSearchResultsHeader_5698"/>
  <testcase name="PartySearchScreenUpdateSearchResultsHeader_7164" time="23.491" classname="com.carmen.Sprint5.PartySearchScreenUpdateSearchResultsHeader_5698"/>
</testsuite> <!-- com.carmen.Sprint5.PartySearchScreenUpdateSearchResultsHeader_5698 -->
