<?xml version="1.0" encoding="UTF-8"?>
<!-- Generated by org.testng.reporters.JUnitReportReporter -->
<testsuite skipped="0" hostname="QTSITVDI0028" name="com.carmen.Sprint2.LOBModifierClose_564" tests="1" failures="0" timestamp="23 May 2019 09:26:07 GMT" time="21.382" errors="0">
  <testcase name="LOBSave_2458" time="21.382" classname="com.carmen.Sprint2.LOBModifierClose_564"/>
</testsuite> <!-- com.carmen.Sprint2.LOBModifierClose_564 -->
