<?xml version="1.0" encoding="UTF-8"?>
<!-- Generated by org.testng.reporters.JUnitReportReporter -->
<testsuite skipped="0" hostname="QTSITVDI0028" name="com.carmen.CopyCLaim.CreatingLinkFields_5130" tests="1" failures="0" timestamp="15 Feb 2019 11:16:29 GMT" time="21.503" errors="0">
  <testcase name="CreatingLinkFields5130" time="21.503" classname="com.carmen.CopyCLaim.CreatingLinkFields_5130"/>
</testsuite> <!-- com.carmen.CopyCLaim.CreatingLinkFields_5130 -->
