<?xml version="1.0" encoding="UTF-8"?>
<!-- Generated by org.testng.reporters.JUnitReportReporter -->
<testsuite skipped="0" hostname="QTSITVDI0028" name="com.carmensol.SubBroker_34" tests="6" failures="0" timestamp="23 May 2019 07:54:35 GMT" time="63.724" errors="0">
  <testcase name="SubBroker726" time="7.589" classname="com.carmensol.SubBroker_34"/>
  <testcase name="SubBroker731" time="9.053" classname="com.carmensol.SubBroker_34"/>
  <testcase name="SubBroker746" time="10.682" classname="com.carmensol.SubBroker_34"/>
  <testcase name="SubBroker737" time="8.542" classname="com.carmensol.SubBroker_34"/>
  <testcase name="SubBroker775" time="17.223" classname="com.carmensol.SubBroker_34"/>
  <testcase name="SubBroker735" time="10.635" classname="com.carmensol.SubBroker_34"/>
</testsuite> <!-- com.carmensol.SubBroker_34 -->
