<?xml version="1.0" encoding="UTF-8"?>
<!-- Generated by org.testng.reporters.JUnitReportReporter -->
<testsuite skipped="0" hostname="QTSITVDI0028" name="com.carmensol.TransactionHistoryFilters_6282" tests="1" failures="0" timestamp="13 Dec 2018 08:40:34 GMT" time="10.224" errors="0">
  <testcase name="TransactionHistoryFilters_9586" time="10.224" classname="com.carmensol.TransactionHistoryFilters_6282"/>
</testsuite> <!-- com.carmensol.TransactionHistoryFilters_6282 -->
