<?xml version="1.0" encoding="UTF-8"?>
<!-- Generated by org.testng.reporters.JUnitReportReporter -->
<testsuite skipped="0" hostname="QTSITVDI0028" name="com.carmen.CopyCLaim.RelatedClaimsAccess_5119" tests="1" failures="0" timestamp="15 Feb 2019 11:16:29 GMT" time="11.060" errors="0">
  <testcase name="RelatedClaimsAccess5119" time="11.060" classname="com.carmen.CopyCLaim.RelatedClaimsAccess_5119"/>
</testsuite> <!-- com.carmen.CopyCLaim.RelatedClaimsAccess_5119 -->
