<?xml version="1.0" encoding="UTF-8"?>
<!-- Generated by org.testng.reporters.JUnitReportReporter -->
<testsuite skipped="0" hostname="QTSITVDI0028" name="com.carmen.ChangeClaim.ChangePCMClaim_4441_4442_4443" tests="1" failures="0" timestamp="06 Feb 2019 08:12:09 GMT" time="19.827" errors="0">
  <testcase name="ChangePCMClaim4441_4442_4443" time="19.827" classname="com.carmen.ChangeClaim.ChangePCMClaim_4441_4442_4443"/>
</testsuite> <!-- com.carmen.ChangeClaim.ChangePCMClaim_4441_4442_4443 -->
