<?xml version="1.0" encoding="UTF-8"?>
<!-- Generated by org.testng.reporters.JUnitReportReporter -->
<testsuite skipped="0" hostname="QTSITVDI0028" name="com.carmen.Sprint2.TaxFeeClose_414" tests="3" failures="0" timestamp="23 May 2019 09:26:07 GMT" time="91.132" errors="0">
  <testcase name="TaxFeeClose_4486" time="28.886" classname="com.carmen.Sprint2.TaxFeeClose_414"/>
  <testcase name="CoverageDetailClose_4485" time="29.032" classname="com.carmen.Sprint2.TaxFeeClose_414"/>
  <testcase name="CoverageDetailClose_4487" time="33.214" classname="com.carmen.Sprint2.TaxFeeClose_414"/>
</testsuite> <!-- com.carmen.Sprint2.TaxFeeClose_414 -->
