<?xml version="1.0" encoding="UTF-8"?>
<!-- Generated by org.testng.reporters.JUnitReportReporter -->
<testsuite skipped="0" hostname="QTSITVDI0028" name="com.carmen.Sprint2.SublineField_248" tests="2" failures="0" timestamp="23 May 2019 09:26:07 GMT" time="51.366" errors="0">
  <testcase name="SublineField_4406" time="27.564" classname="com.carmen.Sprint2.SublineField_248"/>
  <testcase name="SublineField_4403" time="23.802" classname="com.carmen.Sprint2.SublineField_248"/>
</testsuite> <!-- com.carmen.Sprint2.SublineField_248 -->
