<?xml version="1.0" encoding="UTF-8"?>
<!-- Generated by org.testng.reporters.JUnitReportReporter -->
<testsuite skipped="0" hostname="QTSITVDI0028" name="com.carmen.Sprint2.TaxFeeScreen_388" tests="4" failures="0" timestamp="23 May 2019 08:42:52 GMT" time="107.078" errors="0">
  <testcase name="TaxFeeScreen_4715" time="27.824" classname="com.carmen.Sprint2.TaxFeeScreen_388"/>
  <testcase name="TaxFeeScreen_4719" time="23.921" classname="com.carmen.Sprint2.TaxFeeScreen_388"/>
  <testcase name="TaxFeeScreen_4720" time="28.405" classname="com.carmen.Sprint2.TaxFeeScreen_388"/>
  <testcase name="TaxFeeScreen_4710" time="26.928" classname="com.carmen.Sprint2.TaxFeeScreen_388"/>
</testsuite> <!-- com.carmen.Sprint2.TaxFeeScreen_388 -->
