<?xml version="1.0" encoding="UTF-8"?>
<!-- Generated by org.testng.reporters.JUnitReportReporter -->
<testsuite skipped="0" hostname="QTSITVDI0028" name="com.carmen.Sprint2.SaveAddAnotherUnitButtonNewBusinessPolicy_201" tests="1" failures="0" timestamp="23 May 2019 09:26:07 GMT" time="21.081" errors="0">
  <testcase name="SaveAddAnotherUnitButtonNewBusinessPolicy_3800" time="21.081" classname="com.carmen.Sprint2.SaveAddAnotherUnitButtonNewBusinessPolicy_201"/>
</testsuite> <!-- com.carmen.Sprint2.SaveAddAnotherUnitButtonNewBusinessPolicy_201 -->
