<?xml version="1.0" encoding="UTF-8"?>
<!-- Generated by org.testng.reporters.JUnitReportReporter -->
<testsuite skipped="0" hostname="QTSITVDI0028" name="com.carmen.Sprint5.AddSpecialEventsScreenFromField_6066" tests="2" failures="0" timestamp="23 May 2019 11:04:31 GMT" time="71.495" errors="0">
  <testcase name="AddSpecialEventsScreenFromField_7213" time="36.401" classname="com.carmen.Sprint5.AddSpecialEventsScreenFromField_6066"/>
  <testcase name="AddSpecialEventsScreenFromField_7210" time="35.094" classname="com.carmen.Sprint5.AddSpecialEventsScreenFromField_6066"/>
</testsuite> <!-- com.carmen.Sprint5.AddSpecialEventsScreenFromField_6066 -->
