<?xml version="1.0" encoding="UTF-8"?>
<!-- Generated by org.testng.reporters.JUnitReportReporter -->
<testsuite skipped="0" hostname="QTSITVDI0028" name="com.carmen.voids.MCIDetailSaveViewEdit_10721" tests="1" failures="0" timestamp="15 Feb 2019 13:31:27 GMT" time="16.139" errors="0">
  <testcase name="MCIDetailSaveViewEdit10721" time="16.139" classname="com.carmen.voids.MCIDetailSaveViewEdit_10721"/>
</testsuite> <!-- com.carmen.voids.MCIDetailSaveViewEdit_10721 -->
