<?xml version="1.0" encoding="UTF-8"?>
<!-- Generated by org.testng.reporters.JUnitReportReporter -->
<testsuite skipped="0" hostname="QTSITVDI0028" name="com.carmen.CopyCLaim.CopyPartiesexistingclaim_4868" tests="1" failures="0" timestamp="15 Feb 2019 11:16:29 GMT" time="21.070" errors="0">
  <testcase name="CopyPartiesexistingclaim4868" time="21.070" classname="com.carmen.CopyCLaim.CopyPartiesexistingclaim_4868"/>
</testsuite> <!-- com.carmen.CopyCLaim.CopyPartiesexistingclaim_4868 -->
