<?xml version="1.0" encoding="UTF-8"?>
<!-- Generated by org.testng.reporters.JUnitReportReporter -->
<testsuite skipped="0" hostname="QTSITVDI0028" name="com.carmen.Sprint5.UploadSchedulesSpecialEventsUploadListButton_5703" tests="2" failures="0" timestamp="23 May 2019 11:04:31 GMT" time="78.711" errors="0">
  <testcase name="UploadSchedulesSpecialEventsUploadListButton_7311" time="37.188" classname="com.carmen.Sprint5.UploadSchedulesSpecialEventsUploadListButton_5703"/>
  <testcase name="UploadSchedulesSpecialEventsUploadListButton_7313" time="41.523" classname="com.carmen.Sprint5.UploadSchedulesSpecialEventsUploadListButton_5703"/>
</testsuite> <!-- com.carmen.Sprint5.UploadSchedulesSpecialEventsUploadListButton_5703 -->
