<?xml version="1.0" encoding="UTF-8"?>
<!-- Generated by org.testng.reporters.JUnitReportReporter -->
<testsuite skipped="0" hostname="QTSITVDI0028" name="com.carmen.CopyCLaim.StatusHistoryPrimaryWindow_5006" tests="1" failures="0" timestamp="15 Feb 2019 11:16:29 GMT" time="12.112" errors="0">
  <testcase name="StatusHistoryPrimaryWindow5006" time="12.112" classname="com.carmen.CopyCLaim.StatusHistoryPrimaryWindow_5006"/>
</testsuite> <!-- com.carmen.CopyCLaim.StatusHistoryPrimaryWindow_5006 -->
