<?xml version="1.0" encoding="UTF-8"?>
<!-- Generated by org.testng.reporters.JUnitReportReporter -->
<testsuite skipped="0" hostname="QTSITVDI0028" name="com.Spuds.AddNotes" tests="3" failures="0" timestamp="29 Jul 2019 14:15:35 GMT" time="90.515" errors="0">
  <testcase name="AddNotePolicy" time="32.547" classname="com.Spuds.AddNotes"/>
  <testcase name="AddNoteSubmission" time="31.133" classname="com.Spuds.AddNotes"/>
  <testcase name="AddNoteReinsurance" time="26.835" classname="com.Spuds.AddNotes"/>
</testsuite> <!-- com.Spuds.AddNotes -->
