<?xml version="1.0" encoding="UTF-8"?>
<!-- Generated by org.testng.reporters.JUnitReportReporter -->
<testsuite skipped="0" hostname="QTSITVDI0028" name="com.carmen.Sprint5.PartySearchScreenSearchSelectFunctionality_5690" tests="4" failures="0" timestamp="23 May 2019 11:04:31 GMT" time="152.051" errors="0">
  <testcase name="PartySearchScreenSearchSelectFunctionality_7143" time="41.612" classname="com.carmen.Sprint5.PartySearchScreenSearchSelectFunctionality_5690"/>
  <testcase name="PartySearchScreenSearchSelectFunctionality_7140" time="39.583" classname="com.carmen.Sprint5.PartySearchScreenSearchSelectFunctionality_5690"/>
  <testcase name="PartySearchScreenSearchSelectFunctionality_7137" time="35.883" classname="com.carmen.Sprint5.PartySearchScreenSearchSelectFunctionality_5690"/>
  <testcase name="PartySearchScreenSearchSelectFunctionality_7136" time="34.973" classname="com.carmen.Sprint5.PartySearchScreenSearchSelectFunctionality_5690"/>
</testsuite> <!-- com.carmen.Sprint5.PartySearchScreenSearchSelectFunctionality_5690 -->
