<?xml version="1.0" encoding="UTF-8"?>
<!-- Generated by org.testng.reporters.JUnitReportReporter -->
<testsuite skipped="0" hostname="QTSITVDI0028" name="com.carmen.Sprint5.AddNewEventSectionVerificationofNamesforDuplicateTableEntries_6079" tests="2" failures="0" timestamp="23 May 2019 11:04:31 GMT" time="81.634" errors="0">
  <testcase name="AddNewEventSectionVerificationofNamesforDuplicateTableEntries_7391" time="38.719" classname="com.carmen.Sprint5.AddNewEventSectionVerificationofNamesforDuplicateTableEntries_6079"/>
  <testcase name="AddNewEventSectionVerificationofNamesforDuplicateTableEntries_7395" time="42.915" classname="com.carmen.Sprint5.AddNewEventSectionVerificationofNamesforDuplicateTableEntries_6079"/>
</testsuite> <!-- com.carmen.Sprint5.AddNewEventSectionVerificationofNamesforDuplicateTableEntries_6079 -->
