<?xml version="1.0" encoding="UTF-8"?>
<!-- Generated by org.testng.reporters.JUnitReportReporter -->
<testsuite skipped="0" hostname="QTSITVDI0028" name="com.carmensol.DeductibleLoss_ExpRecoverable_RecoveryAdjustmentExceedsPolicyDeductible_11695" tests="1" failures="0" timestamp="15 Feb 2019 10:02:39 GMT" time="135.049" errors="0">
  <testcase name="DeductibleLoss_ExpRecoverable" time="135.049" classname="com.carmensol.DeductibleLoss_ExpRecoverable_RecoveryAdjustmentExceedsPolicyDeductible_11695"/>
</testsuite> <!-- com.carmensol.DeductibleLoss_ExpRecoverable_RecoveryAdjustmentExceedsPolicyDeductible_11695 -->
