<?xml version="1.0" encoding="UTF-8"?>
<!-- Generated by org.testng.reporters.JUnitReportReporter -->
<testsuite skipped="0" hostname="QTSITVDI0028" name="com.carmen.Sprint2.AddNewTaxFeeScreenSaveButton_389" tests="2" failures="0" timestamp="23 May 2019 09:43:13 GMT" time="63.084" errors="0">
  <testcase name="AddNewTaxFeeScreenSaveButton_4723" time="33.425" classname="com.carmen.Sprint2.AddNewTaxFeeScreenSaveButton_389"/>
  <testcase name="AddNewTaxFeeScreenSaveButton_4729" time="29.659" classname="com.carmen.Sprint2.AddNewTaxFeeScreenSaveButton_389"/>
</testsuite> <!-- com.carmen.Sprint2.AddNewTaxFeeScreenSaveButton_389 -->
