<?xml version="1.0" encoding="UTF-8"?>
<!-- Generated by org.testng.reporters.JUnitReportReporter -->
<testsuite skipped="0" hostname="QTSITVDI0028" name="com.carmensol.Test_LossRecoveryPayment_DuplicatePayment_11697" tests="1" failures="0" timestamp="15 Feb 2019 10:02:39 GMT" time="47.229" errors="0">
  <testcase name="LossRecoveryPayment_DuplicatePayment11697" time="47.229" classname="com.carmensol.Test_LossRecoveryPayment_DuplicatePayment_11697"/>
</testsuite> <!-- com.carmensol.Test_LossRecoveryPayment_DuplicatePayment_11697 -->
