<?xml version="1.0" encoding="UTF-8"?>
<!-- Generated by org.testng.reporters.JUnitReportReporter -->
<testsuite skipped="0" hostname="QTSITVDI0028" name="com.carmen.Sprint2.UnitCoverageRemovalChangingGroupline_2077" tests="2" failures="0" timestamp="10 Apr 2019 10:38:59 GMT" time="105.475" errors="0">
  <testcase name="UnitCoverageRemovalChangingGroupline_5206" time="50.502" classname="com.carmen.Sprint2.UnitCoverageRemovalChangingGroupline_2077"/>
  <testcase name="UnitCoverageRemovalChangingGroupline_5202" time="54.973" classname="com.carmen.Sprint2.UnitCoverageRemovalChangingGroupline_2077"/>
</testsuite> <!-- com.carmen.Sprint2.UnitCoverageRemovalChangingGroupline_2077 -->
