<?xml version="1.0" encoding="UTF-8"?>
<!-- Generated by org.testng.reporters.JUnitReportReporter -->
<testsuite skipped="0" hostname="QTSITVDI0028" name="com.carmen.Sprint2.CoverageRemovalChangingGroupline_2077" tests="2" failures="0" timestamp="23 May 2019 08:42:52 GMT" time="102.714" errors="1">
  <testcase name="CoverageRemovalChangingGroupline_5205" time="47.441" classname="com.carmen.Sprint2.CoverageRemovalChangingGroupline_2077"/>
  <testcase name="CoverageRemovalChangingGroupline_5204" time="55.273" classname="com.carmen.Sprint2.CoverageRemovalChangingGroupline_2077">
    <error type="java.lang.Error" message="The following element is not clickable: [[[ChromeDriver: chrome on XP (c9afd3cfb9e53c1e354de4c9c54bd282)] -&gt; xpath: //*[@id=&quot;ext-gen1170&quot;]]]">
      <![CDATA[java.lang.Error: The following element is not clickable: [[[ChromeDriver: chrome on XP (c9afd3cfb9e53c1e354de4c9c54bd282)] -> xpath: //*[@id="ext-gen1170"]]]
at com.carmensol.utilities.utility1.click(utility1.java:541)
at com.carmen.Sprint2.CoverageRemovalChangingGroupline_2077.CoverageRemovalChangingGroupline_5204(CoverageRemovalChangingGroupline_2077.java:426)
at sun.reflect.NativeMethodAccessorImpl.invoke0(Native Method)
at sun.reflect.NativeMethodAccessorImpl.invoke(Unknown Source)
at sun.reflect.DelegatingMethodAccessorImpl.invoke(Unknown Source)
at java.lang.reflect.Method.invoke(Unknown Source)
at org.testng.internal.MethodInvocationHelper.invokeMethod(MethodInvocationHelper.java:124)
at org.testng.internal.Invoker.invokeMethod(Invoker.java:580)
at org.testng.internal.Invoker.invokeTestMethod(Invoker.java:716)
at org.testng.internal.Invoker.invokeTestMethods(Invoker.java:988)
at org.testng.internal.TestMethodWorker.invokeTestMethods(TestMethodWorker.java:125)
at org.testng.internal.TestMethodWorker.run(TestMethodWorker.java:109)
at org.testng.TestRunner.privateRun(TestRunner.java:648)
at org.testng.TestRunner.run(TestRunner.java:505)
at org.testng.SuiteRunner.runTest(SuiteRunner.java:455)
at org.testng.SuiteRunner.runSequentially(SuiteRunner.java:450)
at org.testng.SuiteRunner.privateRun(SuiteRunner.java:415)
at org.testng.SuiteRunner.run(SuiteRunner.java:364)
at org.testng.SuiteRunnerWorker.runSuite(SuiteRunnerWorker.java:52)
at org.testng.SuiteRunnerWorker.run(SuiteRunnerWorker.java:84)
at org.testng.TestNG.runSuitesSequentially(TestNG.java:1208)
at org.testng.TestNG.runSuitesLocally(TestNG.java:1137)
at org.testng.TestNG.runSuites(TestNG.java:1049)
at org.testng.TestNG.run(TestNG.java:1017)
at org.testng.remote.AbstractRemoteTestNG.run(AbstractRemoteTestNG.java:114)
at org.testng.remote.RemoteTestNG.initAndRun(RemoteTestNG.java:251)
at org.testng.remote.RemoteTestNG.main(RemoteTestNG.java:77)
]]>
    </error>
  </testcase> <!-- CoverageRemovalChangingGroupline_5204 -->
</testsuite> <!-- com.carmen.Sprint2.CoverageRemovalChangingGroupline_2077 -->
