<?xml version="1.0" encoding="UTF-8"?>
<!-- Generated by org.testng.reporters.JUnitReportReporter -->
<testsuite skipped="0" hostname="QTSITVDI0028" name="com.carmen.Sprint5.PartySearchScreenTaxIDFilterFEIN_SSNIdentifier_6070" tests="2" failures="0" timestamp="23 May 2019 11:04:31 GMT" time="70.260" errors="0">
  <testcase name="PartySearchScreenTaxIDFilterFEIN_SSNIdentifier_7199" time="36.056" classname="com.carmen.Sprint5.PartySearchScreenTaxIDFilterFEIN_SSNIdentifier_6070"/>
  <testcase name="PartySearchScreenTaxIDFilterFEIN_SSNIdentifier_7205" time="34.204" classname="com.carmen.Sprint5.PartySearchScreenTaxIDFilterFEIN_SSNIdentifier_6070"/>
</testsuite> <!-- com.carmen.Sprint5.PartySearchScreenTaxIDFilterFEIN_SSNIdentifier_6070 -->
