<?xml version="1.0" encoding="UTF-8"?>
<!-- Generated by org.testng.reporters.JUnitReportReporter -->
<testsuite skipped="0" hostname="QTSITVDI0028" name="com.carmensol.NewPolicyDatabaseRecord_135" tests="4" failures="0" timestamp="23 May 2019 07:54:35 GMT" time="68.361" errors="0">
  <testcase name="NewPolicyDatabaseRecord_935" time="13.464" classname="com.carmensol.NewPolicyDatabaseRecord_135"/>
  <testcase name="NewPolicyDatabaseRecord_934" time="18.077" classname="com.carmensol.NewPolicyDatabaseRecord_135"/>
  <testcase name="NewPolicyDatabaseRecord_931" time="18.703" classname="com.carmensol.NewPolicyDatabaseRecord_135"/>
  <testcase name="NewPolicyDatabaseRecord_933" time="18.117" classname="com.carmensol.NewPolicyDatabaseRecord_135"/>
</testsuite> <!-- com.carmensol.NewPolicyDatabaseRecord_135 -->
