<?xml version="1.0" encoding="UTF-8"?>
<!-- Generated by org.testng.reporters.JUnitReportReporter -->
<testsuite skipped="0" hostname="QTSITVDI0028" name="com.carmen.Sprint4.PolicyFormsSearchScreenSearchButton_2089" tests="1" failures="0" timestamp="23 May 2019 10:07:10 GMT" time="31.603" errors="0">
  <testcase name="PolicyFormsSearchScreenSearchButton_4825" time="31.603" classname="com.carmen.Sprint4.PolicyFormsSearchScreenSearchButton_2089"/>
</testsuite> <!-- com.carmen.Sprint4.PolicyFormsSearchScreenSearchButton_2089 -->
