<?xml version="1.0" encoding="UTF-8"?>
<!-- Generated by org.testng.reporters.JUnitReportReporter -->
<testsuite skipped="0" hostname="QTSITVDI0028" name="com.carmen.Sprint5.SchedulesDetailLaunchItemAddParties_5635" tests="2" failures="0" timestamp="23 May 2019 10:27:30 GMT" time="67.731" errors="0">
  <testcase name="SchedulesDetailLaunchItemAddParties_6984" time="32.022" classname="com.carmen.Sprint5.SchedulesDetailLaunchItemAddParties_5635"/>
  <testcase name="SchedulesDetailLaunchItemAddParties_6985" time="35.709" classname="com.carmen.Sprint5.SchedulesDetailLaunchItemAddParties_5635"/>
</testsuite> <!-- com.carmen.Sprint5.SchedulesDetailLaunchItemAddParties_5635 -->
