<?xml version="1.0" encoding="UTF-8"?>
<!-- Generated by org.testng.reporters.JUnitReportReporter -->
<testsuite skipped="0" hostname="QTSITVDI0028" name="com.carmen.Sprint2.PrimaryLimitsCarrierTableSection_636" tests="3" failures="0" timestamp="23 May 2019 08:42:52 GMT" time="83.549" errors="0">
  <testcase name="PrimaryLimitsCarrierTableSection_2499" time="25.515" classname="com.carmen.Sprint2.PrimaryLimitsCarrierTableSection_636"/>
  <testcase name="PrimaryLimitsCarrierTableSection_2502" time="25.701" classname="com.carmen.Sprint2.PrimaryLimitsCarrierTableSection_636"/>
  <testcase name="PrimaryLimitsCarrierTableSection_2500" time="32.333" classname="com.carmen.Sprint2.PrimaryLimitsCarrierTableSection_636"/>
</testsuite> <!-- com.carmen.Sprint2.PrimaryLimitsCarrierTableSection_636 -->
