<?xml version="1.0" encoding="UTF-8"?>
<!-- Generated by org.testng.reporters.JUnitReportReporter -->
<testsuite skipped="0" hostname="QTSITVDI0028" name="com.carmen.Sprint5.AddPartiesScreenSaveAddAnotherPartyButton_5656" tests="1" failures="0" timestamp="23 May 2019 11:04:31 GMT" time="46.622" errors="0">
  <testcase name="AddPartiesScreenSaveAddAnotherPartyButton_7055" time="46.622" classname="com.carmen.Sprint5.AddPartiesScreenSaveAddAnotherPartyButton_5656"/>
</testsuite> <!-- com.carmen.Sprint5.AddPartiesScreenSaveAddAnotherPartyButton_5656 -->
