<?xml version="1.0" encoding="UTF-8"?>
<!-- Generated by org.testng.reporters.JUnitReportReporter -->
<testsuite skipped="0" hostname="QTSITVDI0028" name="com.Spuds.CreateRenewalPolicy" tests="1" failures="0" timestamp="02 Aug 2019 12:58:31 GMT" time="68.752" errors="0">
  <testcase name="CreateRenewalPolicyCase" time="68.752" classname="com.Spuds.CreateRenewalPolicy"/>
</testsuite> <!-- com.Spuds.CreateRenewalPolicy -->
