<?xml version="1.0" encoding="UTF-8"?>
<!-- Generated by org.testng.reporters.JUnitReportReporter -->
<testsuite skipped="0" hostname="QTSITVDI0028" name="com.carmen.voids.TransactionHistoryFiltersLossDCCAO_6285" tests="1" failures="0" timestamp="08 Jan 2019 13:59:30 GMT" time="81.570" errors="0">
  <testcase name="TransactionHistoryFiltersLossDCCAOSearch_9592" time="81.570" classname="com.carmen.voids.TransactionHistoryFiltersLossDCCAO_6285"/>
</testsuite> <!-- com.carmen.voids.TransactionHistoryFiltersLossDCCAO_6285 -->
