<?xml version="1.0" encoding="UTF-8"?>
<!-- Generated by org.testng.reporters.JUnitReportReporter -->
<testsuite skipped="0" hostname="QTSITVDI0028" name="com.carmensol.FinalSalvageLossRecovery_IssuedTo_Claimant_11710" tests="1" failures="0" timestamp="15 Feb 2019 10:02:39 GMT" time="403.957" errors="0">
  <testcase name="Test_FinalSalvageLossRecovery_IssuedTo_Claimant" time="403.957" classname="com.carmensol.FinalSalvageLossRecovery_IssuedTo_Claimant_11710"/>
</testsuite> <!-- com.carmensol.FinalSalvageLossRecovery_IssuedTo_Claimant_11710 -->
