<?xml version="1.0" encoding="UTF-8"?>
<!-- Generated by org.testng.reporters.JUnitReportReporter -->
<testsuite skipped="0" hostname="QTSITVDI0028" name="com.carmensol.TransactionHistoryFiltersLossDCCAO_6285" tests="4" failures="0" timestamp="13 Dec 2018 13:41:51 GMT" time="55.998" errors="0">
  <testcase name="TransactionHistoryFiltersLossDCCAOMultiSelect_9587" time="13.580" classname="com.carmensol.TransactionHistoryFiltersLossDCCAO_6285"/>
  <testcase name="TransactionHistoryFiltersLossDCCAOOptions_9588" time="13.341" classname="com.carmensol.TransactionHistoryFiltersLossDCCAO_6285"/>
  <testcase name="TransactionHistoryFiltersLossDCCAOClear_9589" time="13.195" classname="com.carmensol.TransactionHistoryFiltersLossDCCAO_6285"/>
  <testcase name="TransactionHistoryFiltersLossDCCAOSearch_9592" time="15.882" classname="com.carmensol.TransactionHistoryFiltersLossDCCAO_6285"/>
</testsuite> <!-- com.carmensol.TransactionHistoryFiltersLossDCCAO_6285 -->
