<?xml version="1.0" encoding="UTF-8"?>
<!-- Generated by org.testng.reporters.JUnitReportReporter -->
<testsuite skipped="0" hostname="QTSITVDI0028" name="com.carmensol.TransactionHistorySecurity_6280" tests="2" failures="0" timestamp="13 Dec 2018 08:40:34 GMT" time="93.539" errors="0">
  <testcase name="Accessing_Transaction_History_from_UnitFinancial_Detail_AsA_ClaimsManager_Edit_9519" time="16.913" classname="com.carmensol.TransactionHistorySecurity_6280"/>
  <testcase name="Accessing_Transaction_History_from_History_AsA_Claims_Manager_Edit_9570" time="76.626" classname="com.carmensol.TransactionHistorySecurity_6280"/>
</testsuite> <!-- com.carmensol.TransactionHistorySecurity_6280 -->
