<?xml version="1.0" encoding="UTF-8"?>
<!-- Generated by org.testng.reporters.JUnitReportReporter -->
<testsuite skipped="0" hostname="QTSITVDI0028" name="com.carmen.voids.Accessing_Transaction_History_9516_9517" tests="2" failures="0" timestamp="14 Feb 2019 12:17:12 GMT" time="29.573" errors="0">
  <testcase name="AccessingTransactionHistoryOnUnitFinancialDetailScreen_9516" time="14.647" classname="com.carmen.voids.Accessing_Transaction_History_9516_9517"/>
  <testcase name="AccessingTransactionHistoryFromTheHistoryMenu_9517" time="14.926" classname="com.carmen.voids.Accessing_Transaction_History_9516_9517"/>
</testsuite> <!-- com.carmen.voids.Accessing_Transaction_History_9516_9517 -->
