<?xml version="1.0" encoding="UTF-8"?>
<!-- Generated by org.testng.reporters.JUnitReportReporter -->
<testsuite skipped="0" hostname="QTSITVDI0028" name="com.Spuds.NotesFeature" tests="8" failures="0" timestamp="29 Jul 2019 07:56:09 GMT" time="176.082" errors="0">
  <testcase name="DocumentNotesScreen" time="19.245" classname="com.Spuds.NotesFeature"/>
  <testcase name="DocumentNotesScreenFromNotesColumn" time="17.714" classname="com.Spuds.NotesFeature"/>
  <testcase name="ColumnsDocumentNotesGrid" time="19.607" classname="com.Spuds.NotesFeature"/>
  <testcase name="NoteDisplayedUnderNotesColumnDocument" time="23.716" classname="com.Spuds.NotesFeature"/>
  <testcase name="AddNewNote" time="27.714" classname="com.Spuds.NotesFeature"/>
  <testcase name="EditNoteFromDocumentNotesScreen" time="23.894" classname="com.Spuds.NotesFeature"/>
  <testcase name="DocumentDetailDocumentNotesScreen" time="19.984" classname="com.Spuds.NotesFeature"/>
  <testcase name="DeleteNoteFromDocumentNotesScreen" time="24.208" classname="com.Spuds.NotesFeature"/>
</testsuite> <!-- com.Spuds.NotesFeature -->
