<?xml version="1.0" encoding="UTF-8"?>
<!-- Generated by org.testng.reporters.JUnitReportReporter -->
<testsuite skipped="0" hostname="QTSITVDI0028" name="com.carmensol.ClaimPaymentsScenarios" tests="3" failures="0" timestamp="15 Feb 2019 10:02:39 GMT" time="489.509" errors="0">
  <testcase name="LossPayment_8443to8458_4_SubTestCases" time="165.739" classname="com.carmensol.ClaimPaymentsScenarios"/>
  <testcase name="DCCPayment_8478to8484_3_SubTestCases" time="160.788" classname="com.carmensol.ClaimPaymentsScenarios"/>
  <testcase name="AOPayment_8488to8498_3_SubTestCases" time="162.982" classname="com.carmensol.ClaimPaymentsScenarios"/>
</testsuite> <!-- com.carmensol.ClaimPaymentsScenarios -->
