<?xml version="1.0" encoding="UTF-8"?>
<!-- Generated by org.testng.reporters.JUnitReportReporter -->
<testsuite skipped="0" hostname="QTSITVDI0028" name="com.carmen.Sprint4.PolicyFormsDetailScreenPolicyFormsTable_2076" tests="1" failures="0" timestamp="26 Apr 2019 11:34:29 GMT" time="46.346" errors="0">
  <testcase name="PolicyFormResultsTableFormEffectiveDate_5085" time="46.346" classname="com.carmen.Sprint4.PolicyFormsDetailScreenPolicyFormsTable_2076"/>
</testsuite> <!-- com.carmen.Sprint4.PolicyFormsDetailScreenPolicyFormsTable_2076 -->
