<?xml version="1.0" encoding="UTF-8"?>
<!-- Generated by org.testng.reporters.JUnitReportReporter -->
<testsuite skipped="0" hostname="QTSITVDI0028" name="com.carmen.ChangeClaim.ChangePolicyUnitsOnly_4144" tests="1" failures="0" timestamp="18 Feb 2019 10:30:12 GMT" time="26.419" errors="0">
  <testcase name="ChangePolicyUnitsOnly4144" time="26.419" classname="com.carmen.ChangeClaim.ChangePolicyUnitsOnly_4144"/>
</testsuite> <!-- com.carmen.ChangeClaim.ChangePolicyUnitsOnly_4144 -->
