<?xml version="1.0" encoding="UTF-8"?>
<!-- Generated by org.testng.reporters.JUnitReportReporter -->
<testsuite skipped="0" hostname="QTSITVDI0028" name="com.carmen.CopyCLaim.MCIAssociationUsingClaim_5180" tests="1" failures="0" timestamp="15 Feb 2019 11:16:29 GMT" time="15.715" errors="0">
  <testcase name="MCIAssociationUsingClaim5180" time="15.715" classname="com.carmen.CopyCLaim.MCIAssociationUsingClaim_5180"/>
</testsuite> <!-- com.carmen.CopyCLaim.MCIAssociationUsingClaim_5180 -->
