<?xml version="1.0" encoding="UTF-8"?>
<!-- Generated by org.testng.reporters.JUnitReportReporter -->
<testsuite skipped="0" hostname="QTSITVDI0028" name="com.carmen.Sprint2.TaxFeeDetailSectionAmount_401" tests="3" failures="0" timestamp="23 May 2019 09:43:13 GMT" time="94.499" errors="0">
  <testcase name="TaxFeeDetailSectionAmount_4759" time="30.663" classname="com.carmen.Sprint2.TaxFeeDetailSectionAmount_401"/>
  <testcase name="TaxFeeDetailSectionAmount_4752" time="29.786" classname="com.carmen.Sprint2.TaxFeeDetailSectionAmount_401"/>
  <testcase name="TaxFeeDetailSectionAmount_4754" time="34.050" classname="com.carmen.Sprint2.TaxFeeDetailSectionAmount_401"/>
</testsuite> <!-- com.carmen.Sprint2.TaxFeeDetailSectionAmount_401 -->
