<?xml version="1.0" encoding="UTF-8"?>
<!-- Generated by org.testng.reporters.JUnitReportReporter -->
<testsuite skipped="0" hostname="QTSITVDI0028" name="com.carmen.CopyCLaim.ClaimActivityStatus_5021" tests="1" failures="0" timestamp="15 Feb 2019 11:16:29 GMT" time="19.308" errors="0">
  <testcase name="ClaimActivityStatus5021" time="19.308" classname="com.carmen.CopyCLaim.ClaimActivityStatus_5021"/>
</testsuite> <!-- com.carmen.CopyCLaim.ClaimActivityStatus_5021 -->
