<?xml version="1.0" encoding="UTF-8"?>
<!-- Generated by org.testng.reporters.JUnitReportReporter -->
<testsuite skipped="0" hostname="QTSITVDI0028" name="com.carmen.Sprint5.SchedulesDetailScreenSaveButton_5620" tests="3" failures="0" timestamp="23 May 2019 10:27:30 GMT" time="158.422" errors="0">
  <testcase name="SchedulesDetailScreenSaveButton_6911" time="55.824" classname="com.carmen.Sprint5.SchedulesDetailScreenSaveButton_5620"/>
  <testcase name="SchedulesDetailScreenSaveButton_6907" time="48.263" classname="com.carmen.Sprint5.SchedulesDetailScreenSaveButton_5620"/>
  <testcase name="SchedulesDetailScreenSaveButton_6913" time="54.335" classname="com.carmen.Sprint5.SchedulesDetailScreenSaveButton_5620"/>
</testsuite> <!-- com.carmen.Sprint5.SchedulesDetailScreenSaveButton_5620 -->
