<?xml version="1.0" encoding="UTF-8"?>
<!-- Generated by org.testng.reporters.JUnitReportReporter -->
<testsuite skipped="0" hostname="QTSITVDI0028" name="com.carmensol.BrokerAgentBrokerageAgency_32" tests="7" failures="0" timestamp="23 May 2019 07:54:35 GMT" time="74.070" errors="0">
  <testcase name="BrokerAgentBrokerageAgency672" time="8.130" classname="com.carmensol.BrokerAgentBrokerageAgency_32"/>
  <testcase name="BrokerAgentBrokerageAgency675" time="15.238" classname="com.carmensol.BrokerAgentBrokerageAgency_32"/>
  <testcase name="BrokerAgentBrokerageAgency663" time="8.524" classname="com.carmensol.BrokerAgentBrokerageAgency_32"/>
  <testcase name="BrokerAgentBrokerageAgency719" time="7.699" classname="com.carmensol.BrokerAgentBrokerageAgency_32"/>
  <testcase name="BrokerAgentBrokerageAgency669" time="9.943" classname="com.carmensol.BrokerAgentBrokerageAgency_32"/>
  <testcase name="BrokerAgentBrokerageAgency666" time="8.766" classname="com.carmensol.BrokerAgentBrokerageAgency_32"/>
  <testcase name="BrokerAgentBrokerageAgency683" time="15.770" classname="com.carmensol.BrokerAgentBrokerageAgency_32"/>
</testsuite> <!-- com.carmensol.BrokerAgentBrokerageAgency_32 -->
