<?xml version="1.0" encoding="UTF-8"?>
<!-- Generated by org.testng.reporters.JUnitReportReporter -->
<testsuite skipped="0" hostname="QTSITVDI0028" name="com.carmen.voids.TransHxResultFunctionsVoidAvailableFunctions_10490" tests="1" failures="0" timestamp="14 Feb 2019 12:17:12 GMT" time="17.218" errors="0">
  <testcase name="TransHxResultFunctionsVoidAvailableFunctions_10490" time="17.218" classname="com.carmen.voids.TransHxResultFunctionsVoidAvailableFunctions_10490"/>
</testsuite> <!-- com.carmen.voids.TransHxResultFunctionsVoidAvailableFunctions_10490 -->
