<?xml version="1.0" encoding="UTF-8"?>
<!-- Generated by org.testng.reporters.JUnitReportReporter -->
<testsuite skipped="0" hostname="QTSITVDI0028" name="com.Breeze.Policy" tests="1" failures="0" timestamp="22 Aug 2019 14:44:28 GMT" time="303.012" errors="0">
  <testcase name="CreateNewApplicationWithRiskStatNCVA" time="303.012" classname="com.Breeze.Policy"/>
</testsuite> <!-- com.Breeze.Policy -->
