<?xml version="1.0" encoding="UTF-8"?>
<!-- Generated by org.testng.reporters.JUnitReportReporter -->
<testsuite skipped="0" hostname="QTSITVDI0028" name="com.carmen.Sprint2.CLMManualSearchScreenSelectClassButton_419" tests="2" failures="0" timestamp="23 May 2019 09:43:13 GMT" time="50.970" errors="0">
  <testcase name="CLMManualSearchScreenSelectClassButton_2423" time="24.638" classname="com.carmen.Sprint2.CLMManualSearchScreenSelectClassButton_419"/>
  <testcase name="CLMManualSearchScreenSelectClassButton_2424" time="26.332" classname="com.carmen.Sprint2.CLMManualSearchScreenSelectClassButton_419"/>
</testsuite> <!-- com.carmen.Sprint2.CLMManualSearchScreenSelectClassButton_419 -->
