<?xml version="1.0" encoding="UTF-8"?>
<!-- Generated by org.testng.reporters.JUnitReportReporter -->
<testsuite skipped="0" hostname="QTSITVDI0028" name="com.carmen.Sprint4.UpdatePolicyDatabaseRecords_2323" tests="1" failures="0" timestamp="23 May 2019 10:07:10 GMT" time="32.999" errors="0">
  <testcase name="UpdatePolicyDatabaseRecords_5123" time="32.999" classname="com.carmen.Sprint4.UpdatePolicyDatabaseRecords_2323"/>
</testsuite> <!-- com.carmen.Sprint4.UpdatePolicyDatabaseRecords_2323 -->
