<?xml version="1.0" encoding="UTF-8"?>
<!-- Generated by org.testng.reporters.JUnitReportReporter -->
<testsuite skipped="0" hostname="QTSITVDI0028" name="com.carmensol.PartialDeductibleExpenseRecovery_IssuedTo_CollectionAgency_CollFee_Yes_11713" tests="1" failures="0" timestamp="15 Feb 2019 10:02:39 GMT" time="413.501" errors="0">
  <testcase name="Test_PartialDeductibleExpenseRecovery_IssuedTo_CollectionAgency_CollFee_Yes" time="413.501" classname="com.carmensol.PartialDeductibleExpenseRecovery_IssuedTo_CollectionAgency_CollFee_Yes_11713"/>
</testsuite> <!-- com.carmensol.PartialDeductibleExpenseRecovery_IssuedTo_CollectionAgency_CollFee_Yes_11713 -->
