<?xml version="1.0" encoding="UTF-8"?>
<!-- Generated by org.testng.reporters.JUnitReportReporter -->
<testsuite skipped="0" hostname="QTSITVDI0028" name="com.carmen.voids.MCIAdminScreen_10537_10538" tests="3" failures="0" timestamp="10 Jan 2019 11:19:51 GMT" time="53.188" errors="0">
  <testcase name="MCIAdminScreen10537" time="14.513" classname="com.carmen.voids.MCIAdminScreen_10537_10538"/>
  <testcase name="MCIAdminScreen10538" time="17.681" classname="com.carmen.voids.MCIAdminScreen_10537_10538"/>
  <testcase name="MCIAdminScreen10539" time="20.994" classname="com.carmen.voids.MCIAdminScreen_10537_10538"/>
</testsuite> <!-- com.carmen.voids.MCIAdminScreen_10537_10538 -->
