<?xml version="1.0" encoding="UTF-8"?>
<!-- Generated by org.testng.reporters.JUnitReportReporter -->
<testsuite skipped="0" hostname="QTSITVDI0028" name="com.Breeze.ReOpenClaim_NJ7" tests="1" failures="0" timestamp="02 Mar 2020 16:51:46 GMT" time="273.845" errors="0">
  <testcase name="ReOpenClaim_NJ7_Claim" time="273.845" classname="com.Breeze.ReOpenClaim_NJ7"/>
</testsuite> <!-- com.Breeze.ReOpenClaim_NJ7 -->
